[2023-12-18 11:19:38 INFO  main] [com.green.greengram3.feed.FeedFavMapperTest] Starting FeedFavMapperTest using Java 17.0.8.1 with PID 7260 (started by Administrator in D:\java\greengram3)
[2023-12-18 11:19:38 INFO  main] [com.green.greengram3.feed.FeedFavMapperTest] No active profile set, falling back to 1 default profile: "default"
[2023-12-18 11:19:38 INFO  main] [org.springframework.boot.test.autoconfigure.jdbc.TestDatabaseAutoConfiguration$EmbeddedDataSourceBeanFactoryPostProcessor] Replacing 'dataSource' DataSource bean with embedded version
[2023-12-18 11:19:38 WARN  main] [org.springframework.context.annotation.AnnotationConfigApplicationContext] Exception encountered during context initialization - cancelling refresh attempt: org.springframework.beans.factory.UnsatisfiedDependencyException: Error creating bean with name 'sqlSessionFactory' defined in class path resource [org/mybatis/spring/boot/autoconfigure/MybatisAutoConfiguration.class]: Unsatisfied dependency expressed through method 'sqlSessionFactory' parameter 0: Error creating bean with name 'dataSource': Failed to replace DataSource with an embedded database for tests. If you want an embedded database please put a supported one on the classpath or tune the replace attribute of @AutoConfigureTestDatabase.
[2023-12-18 11:19:38 INFO  main] [org.springframework.boot.autoconfigure.logging.ConditionEvaluationReportLogger] 

Error starting ApplicationContext. To display the condition evaluation report re-run your application with 'debug' enabled.
[2023-12-18 11:19:38 ERROR main] [org.springframework.boot.SpringApplication] Application run failed
org.springframework.beans.factory.UnsatisfiedDependencyException: Error creating bean with name 'sqlSessionFactory' defined in class path resource [org/mybatis/spring/boot/autoconfigure/MybatisAutoConfiguration.class]: Unsatisfied dependency expressed through method 'sqlSessionFactory' parameter 0: Error creating bean with name 'dataSource': Failed to replace DataSource with an embedded database for tests. If you want an embedded database please put a supported one on the classpath or tune the replace attribute of @AutoConfigureTestDatabase.
	at org.springframework.beans.factory.support.ConstructorResolver.createArgumentArray(ConstructorResolver.java:802)
	at org.springframework.beans.factory.support.ConstructorResolver.instantiateUsingFactoryMethod(ConstructorResolver.java:546)
	at org.springframework.beans.factory.support.AbstractAutowireCapableBeanFactory.instantiateUsingFactoryMethod(AbstractAutowireCapableBeanFactory.java:1336)
	at org.springframework.beans.factory.support.AbstractAutowireCapableBeanFactory.createBeanInstance(AbstractAutowireCapableBeanFactory.java:1166)
	at org.springframework.beans.factory.support.AbstractAutowireCapableBeanFactory.doCreateBean(AbstractAutowireCapableBeanFactory.java:563)
	at org.springframework.beans.factory.support.AbstractAutowireCapableBeanFactory.createBean(AbstractAutowireCapableBeanFactory.java:523)
	at org.springframework.beans.factory.support.AbstractBeanFactory.lambda$doGetBean$0(AbstractBeanFactory.java:325)
	at org.springframework.beans.factory.support.DefaultSingletonBeanRegistry.getSingleton(DefaultSingletonBeanRegistry.java:234)
	at org.springframework.beans.factory.support.AbstractBeanFactory.doGetBean(AbstractBeanFactory.java:323)
	at org.springframework.beans.factory.support.AbstractBeanFactory.getBean(AbstractBeanFactory.java:199)
	at org.springframework.beans.factory.support.DefaultListableBeanFactory.preInstantiateSingletons(DefaultListableBeanFactory.java:973)
	at org.springframework.context.support.AbstractApplicationContext.finishBeanFactoryInitialization(AbstractApplicationContext.java:946)
	at org.springframework.context.support.AbstractApplicationContext.refresh(AbstractApplicationContext.java:616)
	at org.springframework.boot.SpringApplication.refresh(SpringApplication.java:753)
	at org.springframework.boot.SpringApplication.refreshContext(SpringApplication.java:455)
	at org.springframework.boot.SpringApplication.run(SpringApplication.java:323)
	at org.springframework.boot.test.context.SpringBootContextLoader.lambda$loadContext$3(SpringBootContextLoader.java:137)
	at org.springframework.util.function.ThrowingSupplier.get(ThrowingSupplier.java:58)
	at org.springframework.util.function.ThrowingSupplier.get(ThrowingSupplier.java:46)
	at org.springframework.boot.SpringApplication.withHook(SpringApplication.java:1442)
	at org.springframework.boot.test.context.SpringBootContextLoader$ContextLoaderHook.run(SpringBootContextLoader.java:552)
	at org.springframework.boot.test.context.SpringBootContextLoader.loadContext(SpringBootContextLoader.java:137)
	at org.springframework.boot.test.context.SpringBootContextLoader.loadContext(SpringBootContextLoader.java:108)
	at org.springframework.test.context.cache.DefaultCacheAwareContextLoaderDelegate.loadContextInternal(DefaultCacheAwareContextLoaderDelegate.java:225)
	at org.springframework.test.context.cache.DefaultCacheAwareContextLoaderDelegate.loadContext(DefaultCacheAwareContextLoaderDelegate.java:152)
	at org.springframework.test.context.support.DefaultTestContext.getApplicationContext(DefaultTestContext.java:130)
	at org.springframework.test.context.support.DependencyInjectionTestExecutionListener.injectDependencies(DependencyInjectionTestExecutionListener.java:141)
	at org.springframework.test.context.support.DependencyInjectionTestExecutionListener.prepareTestInstance(DependencyInjectionTestExecutionListener.java:97)
	at org.springframework.test.context.TestContextManager.prepareTestInstance(TestContextManager.java:247)
	at org.springframework.test.context.junit.jupiter.SpringExtension.postProcessTestInstance(SpringExtension.java:163)
	at org.junit.jupiter.engine.descriptor.ClassBasedTestDescriptor.lambda$invokeTestInstancePostProcessors$10(ClassBasedTestDescriptor.java:378)
	at org.junit.jupiter.engine.descriptor.ClassBasedTestDescriptor.executeAndMaskThrowable(ClassBasedTestDescriptor.java:383)
	at org.junit.jupiter.engine.descriptor.ClassBasedTestDescriptor.lambda$invokeTestInstancePostProcessors$11(ClassBasedTestDescriptor.java:378)
	at java.base/java.util.stream.ReferencePipeline$3$1.accept(ReferencePipeline.java:197)
	at java.base/java.util.stream.ReferencePipeline$2$1.accept(ReferencePipeline.java:179)
	at java.base/java.util.ArrayList$ArrayListSpliterator.forEachRemaining(ArrayList.java:1625)
	at java.base/java.util.stream.AbstractPipeline.copyInto(AbstractPipeline.java:509)
	at java.base/java.util.stream.AbstractPipeline.wrapAndCopyInto(AbstractPipeline.java:499)
	at java.base/java.util.stream.StreamSpliterators$WrappingSpliterator.forEachRemaining(StreamSpliterators.java:310)
	at java.base/java.util.stream.Streams$ConcatSpliterator.forEachRemaining(Streams.java:735)
	at java.base/java.util.stream.Streams$ConcatSpliterator.forEachRemaining(Streams.java:734)
	at java.base/java.util.stream.ReferencePipeline$Head.forEach(ReferencePipeline.java:762)
	at org.junit.jupiter.engine.descriptor.ClassBasedTestDescriptor.invokeTestInstancePostProcessors(ClassBasedTestDescriptor.java:377)
	at org.junit.jupiter.engine.descriptor.ClassBasedTestDescriptor.lambda$instantiateAndPostProcessTestInstance$6(ClassBasedTestDescriptor.java:290)
	at org.junit.platform.engine.support.hierarchical.ThrowableCollector.execute(ThrowableCollector.java:73)
	at org.junit.jupiter.engine.descriptor.ClassBasedTestDescriptor.instantiateAndPostProcessTestInstance(ClassBasedTestDescriptor.java:289)
	at org.junit.jupiter.engine.descriptor.ClassBasedTestDescriptor.lambda$testInstancesProvider$4(ClassBasedTestDescriptor.java:279)
	at java.base/java.util.Optional.orElseGet(Optional.java:364)
	at org.junit.jupiter.engine.descriptor.ClassBasedTestDescriptor.lambda$testInstancesProvider$5(ClassBasedTestDescriptor.java:278)
	at org.junit.jupiter.engine.execution.TestInstancesProvider.getTestInstances(TestInstancesProvider.java:31)
	at org.junit.jupiter.engine.descriptor.TestMethodTestDescriptor.lambda$prepare$0(TestMethodTestDescriptor.java:106)
	at org.junit.platform.engine.support.hierarchical.ThrowableCollector.execute(ThrowableCollector.java:73)
	at org.junit.jupiter.engine.descriptor.TestMethodTestDescriptor.prepare(TestMethodTestDescriptor.java:105)
	at org.junit.jupiter.engine.descriptor.TestMethodTestDescriptor.prepare(TestMethodTestDescriptor.java:69)
	at org.junit.platform.engine.support.hierarchical.NodeTestTask.lambda$prepare$2(NodeTestTask.java:123)
	at org.junit.platform.engine.support.hierarchical.ThrowableCollector.execute(ThrowableCollector.java:73)
	at org.junit.platform.engine.support.hierarchical.NodeTestTask.prepare(NodeTestTask.java:123)
	at org.junit.platform.engine.support.hierarchical.NodeTestTask.execute(NodeTestTask.java:90)
	at java.base/java.util.ArrayList.forEach(ArrayList.java:1511)
	at org.junit.platform.engine.support.hierarchical.SameThreadHierarchicalTestExecutorService.invokeAll(SameThreadHierarchicalTestExecutorService.java:41)
	at org.junit.platform.engine.support.hierarchical.NodeTestTask.lambda$executeRecursively$6(NodeTestTask.java:155)
	at org.junit.platform.engine.support.hierarchical.ThrowableCollector.execute(ThrowableCollector.java:73)
	at org.junit.platform.engine.support.hierarchical.NodeTestTask.lambda$executeRecursively$8(NodeTestTask.java:141)
	at org.junit.platform.engine.support.hierarchical.Node.around(Node.java:137)
	at org.junit.platform.engine.support.hierarchical.NodeTestTask.lambda$executeRecursively$9(NodeTestTask.java:139)
	at org.junit.platform.engine.support.hierarchical.ThrowableCollector.execute(ThrowableCollector.java:73)
	at org.junit.platform.engine.support.hierarchical.NodeTestTask.executeRecursively(NodeTestTask.java:138)
	at org.junit.platform.engine.support.hierarchical.NodeTestTask.execute(NodeTestTask.java:95)
	at java.base/java.util.ArrayList.forEach(ArrayList.java:1511)
	at org.junit.platform.engine.support.hierarchical.SameThreadHierarchicalTestExecutorService.invokeAll(SameThreadHierarchicalTestExecutorService.java:41)
	at org.junit.platform.engine.support.hierarchical.NodeTestTask.lambda$executeRecursively$6(NodeTestTask.java:155)
	at org.junit.platform.engine.support.hierarchical.ThrowableCollector.execute(ThrowableCollector.java:73)
	at org.junit.platform.engine.support.hierarchical.NodeTestTask.lambda$executeRecursively$8(NodeTestTask.java:141)
	at org.junit.platform.engine.support.hierarchical.Node.around(Node.java:137)
	at org.junit.platform.engine.support.hierarchical.NodeTestTask.lambda$executeRecursively$9(NodeTestTask.java:139)
	at org.junit.platform.engine.support.hierarchical.ThrowableCollector.execute(ThrowableCollector.java:73)
	at org.junit.platform.engine.support.hierarchical.NodeTestTask.executeRecursively(NodeTestTask.java:138)
	at org.junit.platform.engine.support.hierarchical.NodeTestTask.execute(NodeTestTask.java:95)
	at org.junit.platform.engine.support.hierarchical.SameThreadHierarchicalTestExecutorService.submit(SameThreadHierarchicalTestExecutorService.java:35)
	at org.junit.platform.engine.support.hierarchical.HierarchicalTestExecutor.execute(HierarchicalTestExecutor.java:57)
	at org.junit.platform.engine.support.hierarchical.HierarchicalTestEngine.execute(HierarchicalTestEngine.java:54)
	at org.junit.platform.launcher.core.EngineExecutionOrchestrator.execute(EngineExecutionOrchestrator.java:198)
	at org.junit.platform.launcher.core.EngineExecutionOrchestrator.execute(EngineExecutionOrchestrator.java:169)
	at org.junit.platform.launcher.core.EngineExecutionOrchestrator.execute(EngineExecutionOrchestrator.java:93)
	at org.junit.platform.launcher.core.EngineExecutionOrchestrator.lambda$execute$0(EngineExecutionOrchestrator.java:58)
	at org.junit.platform.launcher.core.EngineExecutionOrchestrator.withInterceptedStreams(EngineExecutionOrchestrator.java:141)
	at org.junit.platform.launcher.core.EngineExecutionOrchestrator.execute(EngineExecutionOrchestrator.java:57)
	at org.junit.platform.launcher.core.DefaultLauncher.execute(DefaultLauncher.java:103)
	at org.junit.platform.launcher.core.DefaultLauncher.execute(DefaultLauncher.java:85)
	at org.junit.platform.launcher.core.DelegatingLauncher.execute(DelegatingLauncher.java:47)
	at org.junit.platform.launcher.core.SessionPerRequestLauncher.execute(SessionPerRequestLauncher.java:63)
	at com.intellij.junit5.JUnit5IdeaTestRunner.startRunnerWithArgs(JUnit5IdeaTestRunner.java:57)
	at com.intellij.rt.junit.IdeaTestRunner$Repeater$1.execute(IdeaTestRunner.java:38)
	at com.intellij.rt.execution.junit.TestsRepeater.repeat(TestsRepeater.java:11)
	at com.intellij.rt.junit.IdeaTestRunner$Repeater.startRunnerWithArgs(IdeaTestRunner.java:35)
	at com.intellij.rt.junit.JUnitStarter.prepareStreamsAndStart(JUnitStarter.java:232)
	at com.intellij.rt.junit.JUnitStarter.main(JUnitStarter.java:55)
Caused by: org.springframework.beans.factory.BeanCreationException: Error creating bean with name 'dataSource': Failed to replace DataSource with an embedded database for tests. If you want an embedded database please put a supported one on the classpath or tune the replace attribute of @AutoConfigureTestDatabase.
	at org.springframework.beans.factory.support.AbstractAutowireCapableBeanFactory.initializeBean(AbstractAutowireCapableBeanFactory.java:1775)
	at org.springframework.beans.factory.support.AbstractAutowireCapableBeanFactory.doCreateBean(AbstractAutowireCapableBeanFactory.java:601)
	at org.springframework.beans.factory.support.AbstractAutowireCapableBeanFactory.createBean(AbstractAutowireCapableBeanFactory.java:523)
	at org.springframework.beans.factory.support.AbstractBeanFactory.lambda$doGetBean$0(AbstractBeanFactory.java:325)
	at org.springframework.beans.factory.support.DefaultSingletonBeanRegistry.getSingleton(DefaultSingletonBeanRegistry.java:234)
	at org.springframework.beans.factory.support.AbstractBeanFactory.doGetBean(AbstractBeanFactory.java:323)
	at org.springframework.beans.factory.support.AbstractBeanFactory.getBean(AbstractBeanFactory.java:199)
	at org.springframework.beans.factory.config.DependencyDescriptor.resolveCandidate(DependencyDescriptor.java:254)
	at org.springframework.beans.factory.support.DefaultListableBeanFactory.doResolveDependency(DefaultListableBeanFactory.java:1441)
	at org.springframework.beans.factory.support.DefaultListableBeanFactory.resolveDependency(DefaultListableBeanFactory.java:1348)
	at org.springframework.beans.factory.support.ConstructorResolver.resolveAutowiredArgument(ConstructorResolver.java:911)
	at org.springframework.beans.factory.support.ConstructorResolver.createArgumentArray(ConstructorResolver.java:789)
	... 96 common frames omitted
Caused by: java.lang.IllegalStateException: Failed to replace DataSource with an embedded database for tests. If you want an embedded database please put a supported one on the classpath or tune the replace attribute of @AutoConfigureTestDatabase.
	at org.springframework.util.Assert.state(Assert.java:76)
	at org.springframework.boot.test.autoconfigure.jdbc.TestDatabaseAutoConfiguration$EmbeddedDataSourceFactory.getEmbeddedDatabase(TestDatabaseAutoConfiguration.java:188)
	at org.springframework.boot.test.autoconfigure.jdbc.TestDatabaseAutoConfiguration$EmbeddedDataSourceFactoryBean.afterPropertiesSet(TestDatabaseAutoConfiguration.java:153)
	at org.springframework.beans.factory.support.AbstractAutowireCapableBeanFactory.invokeInitMethods(AbstractAutowireCapableBeanFactory.java:1822)
	at org.springframework.beans.factory.support.AbstractAutowireCapableBeanFactory.initializeBean(AbstractAutowireCapableBeanFactory.java:1771)
	... 107 common frames omitted
[2023-12-18 11:19:38 ERROR main] [org.springframework.test.context.TestContextManager] Caught exception while allowing TestExecutionListener [org.springframework.test.context.support.DependencyInjectionTestExecutionListener] to prepare test instance [com.green.greengram3.feed.FeedFavMapperTest@370c1968]
java.lang.IllegalStateException: Failed to load ApplicationContext for [MergedContextConfiguration@f324455 testClass = com.green.greengram3.feed.FeedFavMapperTest, locations = [], classes = [com.green.greengram3.Greengram3Application], contextInitializerClasses = [], activeProfiles = [], propertySourceDescriptors = [], propertySourceProperties = ["org.mybatis.spring.boot.test.autoconfigure.MybatisTestContextBootstrapper=true"], contextCustomizers = [[ImportsContextCustomizer@3a894088 key = [org.springframework.boot.autoconfigure.transaction.TransactionAutoConfiguration, org.springframework.boot.autoconfigure.jdbc.DataSourceAutoConfiguration, org.springframework.boot.autoconfigure.cache.CacheAutoConfiguration, org.springframework.boot.autoconfigure.sql.init.SqlInitializationAutoConfiguration, org.springframework.boot.autoconfigure.jdbc.JdbcTemplateAutoConfiguration, org.springframework.boot.test.autoconfigure.jdbc.TestDatabaseAutoConfiguration, org.springframework.boot.autoconfigure.flyway.FlywayAutoConfiguration, org.mybatis.spring.boot.autoconfigure.MybatisLanguageDriverAutoConfiguration, org.springframework.boot.autoconfigure.jdbc.DataSourceTransactionManagerAutoConfiguration, org.springframework.boot.autoconfigure.liquibase.LiquibaseAutoConfiguration, org.mybatis.spring.boot.autoconfigure.MybatisAutoConfiguration]], org.springframework.boot.test.context.filter.ExcludeFilterContextCustomizer@4b520ea8, org.springframework.boot.test.json.DuplicateJsonObjectContextCustomizerFactory$DuplicateJsonObjectContextCustomizer@624ea235, org.springframework.boot.test.mock.mockito.MockitoContextCustomizer@0, org.springframework.boot.test.autoconfigure.OverrideAutoConfigurationContextCustomizerFactory$DisableAutoConfigurationContextCustomizer@475c9c31, org.springframework.boot.test.autoconfigure.actuate.observability.ObservabilityContextCustomizerFactory$DisableObservabilityContextCustomizer@1f, org.springframework.boot.test.autoconfigure.filter.TypeExcludeFiltersContextCustomizer@34be3d80, org.springframework.boot.test.autoconfigure.properties.PropertyMappingContextCustomizer@64301ae7, org.springframework.boot.test.autoconfigure.web.servlet.WebDriverContextCustomizer@5efa40fe, org.springframework.boot.test.context.SpringBootTestAnnotation@1b15236d], contextLoader = org.springframework.boot.test.context.SpringBootContextLoader, parent = null]
	at org.springframework.test.context.cache.DefaultCacheAwareContextLoaderDelegate.loadContext(DefaultCacheAwareContextLoaderDelegate.java:180)
	at org.springframework.test.context.support.DefaultTestContext.getApplicationContext(DefaultTestContext.java:130)
	at org.springframework.test.context.support.DependencyInjectionTestExecutionListener.injectDependencies(DependencyInjectionTestExecutionListener.java:141)
	at org.springframework.test.context.support.DependencyInjectionTestExecutionListener.prepareTestInstance(DependencyInjectionTestExecutionListener.java:97)
	at org.springframework.test.context.TestContextManager.prepareTestInstance(TestContextManager.java:247)
	at org.springframework.test.context.junit.jupiter.SpringExtension.postProcessTestInstance(SpringExtension.java:163)
	at org.junit.jupiter.engine.descriptor.ClassBasedTestDescriptor.lambda$invokeTestInstancePostProcessors$10(ClassBasedTestDescriptor.java:378)
	at org.junit.jupiter.engine.descriptor.ClassBasedTestDescriptor.executeAndMaskThrowable(ClassBasedTestDescriptor.java:383)
	at org.junit.jupiter.engine.descriptor.ClassBasedTestDescriptor.lambda$invokeTestInstancePostProcessors$11(ClassBasedTestDescriptor.java:378)
	at java.base/java.util.stream.ReferencePipeline$3$1.accept(ReferencePipeline.java:197)
	at java.base/java.util.stream.ReferencePipeline$2$1.accept(ReferencePipeline.java:179)
	at java.base/java.util.ArrayList$ArrayListSpliterator.forEachRemaining(ArrayList.java:1625)
	at java.base/java.util.stream.AbstractPipeline.copyInto(AbstractPipeline.java:509)
	at java.base/java.util.stream.AbstractPipeline.wrapAndCopyInto(AbstractPipeline.java:499)
	at java.base/java.util.stream.StreamSpliterators$WrappingSpliterator.forEachRemaining(StreamSpliterators.java:310)
	at java.base/java.util.stream.Streams$ConcatSpliterator.forEachRemaining(Streams.java:735)
	at java.base/java.util.stream.Streams$ConcatSpliterator.forEachRemaining(Streams.java:734)
	at java.base/java.util.stream.ReferencePipeline$Head.forEach(ReferencePipeline.java:762)
	at org.junit.jupiter.engine.descriptor.ClassBasedTestDescriptor.invokeTestInstancePostProcessors(ClassBasedTestDescriptor.java:377)
	at org.junit.jupiter.engine.descriptor.ClassBasedTestDescriptor.lambda$instantiateAndPostProcessTestInstance$6(ClassBasedTestDescriptor.java:290)
	at org.junit.platform.engine.support.hierarchical.ThrowableCollector.execute(ThrowableCollector.java:73)
	at org.junit.jupiter.engine.descriptor.ClassBasedTestDescriptor.instantiateAndPostProcessTestInstance(ClassBasedTestDescriptor.java:289)
	at org.junit.jupiter.engine.descriptor.ClassBasedTestDescriptor.lambda$testInstancesProvider$4(ClassBasedTestDescriptor.java:279)
	at java.base/java.util.Optional.orElseGet(Optional.java:364)
	at org.junit.jupiter.engine.descriptor.ClassBasedTestDescriptor.lambda$testInstancesProvider$5(ClassBasedTestDescriptor.java:278)
	at org.junit.jupiter.engine.execution.TestInstancesProvider.getTestInstances(TestInstancesProvider.java:31)
	at org.junit.jupiter.engine.descriptor.TestMethodTestDescriptor.lambda$prepare$0(TestMethodTestDescriptor.java:106)
	at org.junit.platform.engine.support.hierarchical.ThrowableCollector.execute(ThrowableCollector.java:73)
	at org.junit.jupiter.engine.descriptor.TestMethodTestDescriptor.prepare(TestMethodTestDescriptor.java:105)
	at org.junit.jupiter.engine.descriptor.TestMethodTestDescriptor.prepare(TestMethodTestDescriptor.java:69)
	at org.junit.platform.engine.support.hierarchical.NodeTestTask.lambda$prepare$2(NodeTestTask.java:123)
	at org.junit.platform.engine.support.hierarchical.ThrowableCollector.execute(ThrowableCollector.java:73)
	at org.junit.platform.engine.support.hierarchical.NodeTestTask.prepare(NodeTestTask.java:123)
	at org.junit.platform.engine.support.hierarchical.NodeTestTask.execute(NodeTestTask.java:90)
	at java.base/java.util.ArrayList.forEach(ArrayList.java:1511)
	at org.junit.platform.engine.support.hierarchical.SameThreadHierarchicalTestExecutorService.invokeAll(SameThreadHierarchicalTestExecutorService.java:41)
	at org.junit.platform.engine.support.hierarchical.NodeTestTask.lambda$executeRecursively$6(NodeTestTask.java:155)
	at org.junit.platform.engine.support.hierarchical.ThrowableCollector.execute(ThrowableCollector.java:73)
	at org.junit.platform.engine.support.hierarchical.NodeTestTask.lambda$executeRecursively$8(NodeTestTask.java:141)
	at org.junit.platform.engine.support.hierarchical.Node.around(Node.java:137)
	at org.junit.platform.engine.support.hierarchical.NodeTestTask.lambda$executeRecursively$9(NodeTestTask.java:139)
	at org.junit.platform.engine.support.hierarchical.ThrowableCollector.execute(ThrowableCollector.java:73)
	at org.junit.platform.engine.support.hierarchical.NodeTestTask.executeRecursively(NodeTestTask.java:138)
	at org.junit.platform.engine.support.hierarchical.NodeTestTask.execute(NodeTestTask.java:95)
	at java.base/java.util.ArrayList.forEach(ArrayList.java:1511)
	at org.junit.platform.engine.support.hierarchical.SameThreadHierarchicalTestExecutorService.invokeAll(SameThreadHierarchicalTestExecutorService.java:41)
	at org.junit.platform.engine.support.hierarchical.NodeTestTask.lambda$executeRecursively$6(NodeTestTask.java:155)
	at org.junit.platform.engine.support.hierarchical.ThrowableCollector.execute(ThrowableCollector.java:73)
	at org.junit.platform.engine.support.hierarchical.NodeTestTask.lambda$executeRecursively$8(NodeTestTask.java:141)
	at org.junit.platform.engine.support.hierarchical.Node.around(Node.java:137)
	at org.junit.platform.engine.support.hierarchical.NodeTestTask.lambda$executeRecursively$9(NodeTestTask.java:139)
	at org.junit.platform.engine.support.hierarchical.ThrowableCollector.execute(ThrowableCollector.java:73)
	at org.junit.platform.engine.support.hierarchical.NodeTestTask.executeRecursively(NodeTestTask.java:138)
	at org.junit.platform.engine.support.hierarchical.NodeTestTask.execute(NodeTestTask.java:95)
	at org.junit.platform.engine.support.hierarchical.SameThreadHierarchicalTestExecutorService.submit(SameThreadHierarchicalTestExecutorService.java:35)
	at org.junit.platform.engine.support.hierarchical.HierarchicalTestExecutor.execute(HierarchicalTestExecutor.java:57)
	at org.junit.platform.engine.support.hierarchical.HierarchicalTestEngine.execute(HierarchicalTestEngine.java:54)
	at org.junit.platform.launcher.core.EngineExecutionOrchestrator.execute(EngineExecutionOrchestrator.java:198)
	at org.junit.platform.launcher.core.EngineExecutionOrchestrator.execute(EngineExecutionOrchestrator.java:169)
	at org.junit.platform.launcher.core.EngineExecutionOrchestrator.execute(EngineExecutionOrchestrator.java:93)
	at org.junit.platform.launcher.core.EngineExecutionOrchestrator.lambda$execute$0(EngineExecutionOrchestrator.java:58)
	at org.junit.platform.launcher.core.EngineExecutionOrchestrator.withInterceptedStreams(EngineExecutionOrchestrator.java:141)
	at org.junit.platform.launcher.core.EngineExecutionOrchestrator.execute(EngineExecutionOrchestrator.java:57)
	at org.junit.platform.launcher.core.DefaultLauncher.execute(DefaultLauncher.java:103)
	at org.junit.platform.launcher.core.DefaultLauncher.execute(DefaultLauncher.java:85)
	at org.junit.platform.launcher.core.DelegatingLauncher.execute(DelegatingLauncher.java:47)
	at org.junit.platform.launcher.core.SessionPerRequestLauncher.execute(SessionPerRequestLauncher.java:63)
	at com.intellij.junit5.JUnit5IdeaTestRunner.startRunnerWithArgs(JUnit5IdeaTestRunner.java:57)
	at com.intellij.rt.junit.IdeaTestRunner$Repeater$1.execute(IdeaTestRunner.java:38)
	at com.intellij.rt.execution.junit.TestsRepeater.repeat(TestsRepeater.java:11)
	at com.intellij.rt.junit.IdeaTestRunner$Repeater.startRunnerWithArgs(IdeaTestRunner.java:35)
	at com.intellij.rt.junit.JUnitStarter.prepareStreamsAndStart(JUnitStarter.java:232)
	at com.intellij.rt.junit.JUnitStarter.main(JUnitStarter.java:55)
Caused by: org.springframework.beans.factory.UnsatisfiedDependencyException: Error creating bean with name 'sqlSessionFactory' defined in class path resource [org/mybatis/spring/boot/autoconfigure/MybatisAutoConfiguration.class]: Unsatisfied dependency expressed through method 'sqlSessionFactory' parameter 0: Error creating bean with name 'dataSource': Failed to replace DataSource with an embedded database for tests. If you want an embedded database please put a supported one on the classpath or tune the replace attribute of @AutoConfigureTestDatabase.
	at org.springframework.beans.factory.support.ConstructorResolver.createArgumentArray(ConstructorResolver.java:802)
	at org.springframework.beans.factory.support.ConstructorResolver.instantiateUsingFactoryMethod(ConstructorResolver.java:546)
	at org.springframework.beans.factory.support.AbstractAutowireCapableBeanFactory.instantiateUsingFactoryMethod(AbstractAutowireCapableBeanFactory.java:1336)
	at org.springframework.beans.factory.support.AbstractAutowireCapableBeanFactory.createBeanInstance(AbstractAutowireCapableBeanFactory.java:1166)
	at org.springframework.beans.factory.support.AbstractAutowireCapableBeanFactory.doCreateBean(AbstractAutowireCapableBeanFactory.java:563)
	at org.springframework.beans.factory.support.AbstractAutowireCapableBeanFactory.createBean(AbstractAutowireCapableBeanFactory.java:523)
	at org.springframework.beans.factory.support.AbstractBeanFactory.lambda$doGetBean$0(AbstractBeanFactory.java:325)
	at org.springframework.beans.factory.support.DefaultSingletonBeanRegistry.getSingleton(DefaultSingletonBeanRegistry.java:234)
	at org.springframework.beans.factory.support.AbstractBeanFactory.doGetBean(AbstractBeanFactory.java:323)
	at org.springframework.beans.factory.support.AbstractBeanFactory.getBean(AbstractBeanFactory.java:199)
	at org.springframework.beans.factory.support.DefaultListableBeanFactory.preInstantiateSingletons(DefaultListableBeanFactory.java:973)
	at org.springframework.context.support.AbstractApplicationContext.finishBeanFactoryInitialization(AbstractApplicationContext.java:946)
	at org.springframework.context.support.AbstractApplicationContext.refresh(AbstractApplicationContext.java:616)
	at org.springframework.boot.SpringApplication.refresh(SpringApplication.java:753)
	at org.springframework.boot.SpringApplication.refreshContext(SpringApplication.java:455)
	at org.springframework.boot.SpringApplication.run(SpringApplication.java:323)
	at org.springframework.boot.test.context.SpringBootContextLoader.lambda$loadContext$3(SpringBootContextLoader.java:137)
	at org.springframework.util.function.ThrowingSupplier.get(ThrowingSupplier.java:58)
	at org.springframework.util.function.ThrowingSupplier.get(ThrowingSupplier.java:46)
	at org.springframework.boot.SpringApplication.withHook(SpringApplication.java:1442)
	at org.springframework.boot.test.context.SpringBootContextLoader$ContextLoaderHook.run(SpringBootContextLoader.java:552)
	at org.springframework.boot.test.context.SpringBootContextLoader.loadContext(SpringBootContextLoader.java:137)
	at org.springframework.boot.test.context.SpringBootContextLoader.loadContext(SpringBootContextLoader.java:108)
	at org.springframework.test.context.cache.DefaultCacheAwareContextLoaderDelegate.loadContextInternal(DefaultCacheAwareContextLoaderDelegate.java:225)
	at org.springframework.test.context.cache.DefaultCacheAwareContextLoaderDelegate.loadContext(DefaultCacheAwareContextLoaderDelegate.java:152)
	... 72 common frames omitted
Caused by: org.springframework.beans.factory.BeanCreationException: Error creating bean with name 'dataSource': Failed to replace DataSource with an embedded database for tests. If you want an embedded database please put a supported one on the classpath or tune the replace attribute of @AutoConfigureTestDatabase.
	at org.springframework.beans.factory.support.AbstractAutowireCapableBeanFactory.initializeBean(AbstractAutowireCapableBeanFactory.java:1775)
	at org.springframework.beans.factory.support.AbstractAutowireCapableBeanFactory.doCreateBean(AbstractAutowireCapableBeanFactory.java:601)
	at org.springframework.beans.factory.support.AbstractAutowireCapableBeanFactory.createBean(AbstractAutowireCapableBeanFactory.java:523)
	at org.springframework.beans.factory.support.AbstractBeanFactory.lambda$doGetBean$0(AbstractBeanFactory.java:325)
	at org.springframework.beans.factory.support.DefaultSingletonBeanRegistry.getSingleton(DefaultSingletonBeanRegistry.java:234)
	at org.springframework.beans.factory.support.AbstractBeanFactory.doGetBean(AbstractBeanFactory.java:323)
	at org.springframework.beans.factory.support.AbstractBeanFactory.getBean(AbstractBeanFactory.java:199)
	at org.springframework.beans.factory.config.DependencyDescriptor.resolveCandidate(DependencyDescriptor.java:254)
	at org.springframework.beans.factory.support.DefaultListableBeanFactory.doResolveDependency(DefaultListableBeanFactory.java:1441)
	at org.springframework.beans.factory.support.DefaultListableBeanFactory.resolveDependency(DefaultListableBeanFactory.java:1348)
	at org.springframework.beans.factory.support.ConstructorResolver.resolveAutowiredArgument(ConstructorResolver.java:911)
	at org.springframework.beans.factory.support.ConstructorResolver.createArgumentArray(ConstructorResolver.java:789)
	... 96 common frames omitted
Caused by: java.lang.IllegalStateException: Failed to replace DataSource with an embedded database for tests. If you want an embedded database please put a supported one on the classpath or tune the replace attribute of @AutoConfigureTestDatabase.
	at org.springframework.util.Assert.state(Assert.java:76)
	at org.springframework.boot.test.autoconfigure.jdbc.TestDatabaseAutoConfiguration$EmbeddedDataSourceFactory.getEmbeddedDatabase(TestDatabaseAutoConfiguration.java:188)
	at org.springframework.boot.test.autoconfigure.jdbc.TestDatabaseAutoConfiguration$EmbeddedDataSourceFactoryBean.afterPropertiesSet(TestDatabaseAutoConfiguration.java:153)
	at org.springframework.beans.factory.support.AbstractAutowireCapableBeanFactory.invokeInitMethods(AbstractAutowireCapableBeanFactory.java:1822)
	at org.springframework.beans.factory.support.AbstractAutowireCapableBeanFactory.initializeBean(AbstractAutowireCapableBeanFactory.java:1771)
	... 107 common frames omitted
[2023-12-18 11:45:34 INFO  main] [com.green.greengram3.feed.FeedFavMapperTest] Starting FeedFavMapperTest using Java 17.0.8.1 with PID 4940 (started by Administrator in D:\java\greengram3)
[2023-12-18 11:45:34 INFO  main] [com.green.greengram3.feed.FeedFavMapperTest] No active profile set, falling back to 1 default profile: "default"
[2023-12-18 11:45:36 INFO  main] [com.green.greengram3.feed.FeedFavMapperTest] Starting FeedFavMapperTest using Java 17.0.8.1 with PID 7288 (started by Administrator in D:\java\greengram3)
[2023-12-18 11:45:36 INFO  main] [com.green.greengram3.feed.FeedFavMapperTest] No active profile set, falling back to 1 default profile: "default"
[2023-12-18 11:45:40 INFO  main] [com.green.greengram3.feed.FeedFavMapperTest] Starting FeedFavMapperTest using Java 17.0.8.1 with PID 7472 (started by Administrator in D:\java\greengram3)
[2023-12-18 11:45:40 INFO  main] [com.green.greengram3.feed.FeedFavMapperTest] No active profile set, falling back to 1 default profile: "default"
[2023-12-18 11:45:40 INFO  main] [com.green.greengram3.feed.FeedFavMapperTest] Started FeedFavMapperTest in 0.931 seconds (process running for 1.693)
[2023-12-18 11:45:40 INFO  main] [com.zaxxer.hikari.HikariDataSource] HikariPool-1 - Starting...
[2023-12-18 11:45:40 INFO  main] [com.zaxxer.hikari.pool.HikariPool] HikariPool-1 - Added connection org.mariadb.jdbc.Connection@39666e42
[2023-12-18 11:45:40 INFO  main] [com.zaxxer.hikari.HikariDataSource] HikariPool-1 - Start completed.
[2023-12-18 11:45:41 INFO  SpringApplicationShutdownHook] [com.zaxxer.hikari.HikariDataSource] HikariPool-1 - Shutdown initiated...
[2023-12-18 11:45:41 INFO  SpringApplicationShutdownHook] [com.zaxxer.hikari.HikariDataSource] HikariPool-1 - Shutdown completed.
[2023-12-18 11:46:45 INFO  main] [com.green.greengram3.feed.FeedFavMapperTest] Starting FeedFavMapperTest using Java 17.0.8.1 with PID 10792 (started by Administrator in D:\java\greengram3)
[2023-12-18 11:46:45 INFO  main] [com.green.greengram3.feed.FeedFavMapperTest] No active profile set, falling back to 1 default profile: "default"
[2023-12-18 11:46:46 INFO  main] [com.green.greengram3.feed.FeedFavMapperTest] Started FeedFavMapperTest in 0.894 seconds (process running for 1.634)
[2023-12-18 11:46:46 INFO  main] [com.zaxxer.hikari.HikariDataSource] HikariPool-1 - Starting...
[2023-12-18 11:46:46 INFO  main] [com.zaxxer.hikari.pool.HikariPool] HikariPool-1 - Added connection org.mariadb.jdbc.Connection@20c812c8
[2023-12-18 11:46:46 INFO  main] [com.zaxxer.hikari.HikariDataSource] HikariPool-1 - Start completed.
[2023-12-18 11:46:46 INFO  SpringApplicationShutdownHook] [com.zaxxer.hikari.HikariDataSource] HikariPool-1 - Shutdown initiated...
[2023-12-18 11:46:46 INFO  SpringApplicationShutdownHook] [com.zaxxer.hikari.HikariDataSource] HikariPool-1 - Shutdown completed.
[2023-12-18 11:47:37 INFO  main] [com.green.greengram3.feed.FeedFavMapperTest] Starting FeedFavMapperTest using Java 17.0.8.1 with PID 3172 (started by Administrator in D:\java\greengram3)
[2023-12-18 11:47:37 INFO  main] [com.green.greengram3.feed.FeedFavMapperTest] No active profile set, falling back to 1 default profile: "default"
[2023-12-18 11:47:37 INFO  main] [com.green.greengram3.feed.FeedFavMapperTest] Started FeedFavMapperTest in 0.893 seconds (process running for 1.624)
[2023-12-18 11:47:37 INFO  main] [com.zaxxer.hikari.HikariDataSource] HikariPool-1 - Starting...
[2023-12-18 11:47:38 INFO  main] [com.zaxxer.hikari.pool.HikariPool] HikariPool-1 - Added connection org.mariadb.jdbc.Connection@53940e2f
[2023-12-18 11:47:38 INFO  main] [com.zaxxer.hikari.HikariDataSource] HikariPool-1 - Start completed.
[2023-12-18 11:47:38 INFO  SpringApplicationShutdownHook] [com.zaxxer.hikari.HikariDataSource] HikariPool-1 - Shutdown initiated...
[2023-12-18 11:47:38 INFO  SpringApplicationShutdownHook] [com.zaxxer.hikari.HikariDataSource] HikariPool-1 - Shutdown completed.
[2023-12-18 11:47:48 INFO  main] [com.green.greengram3.feed.FeedFavMapperTest] Starting FeedFavMapperTest using Java 17.0.8.1 with PID 10048 (started by Administrator in D:\java\greengram3)
[2023-12-18 11:47:48 INFO  main] [com.green.greengram3.feed.FeedFavMapperTest] No active profile set, falling back to 1 default profile: "default"
[2023-12-18 11:47:49 INFO  main] [com.green.greengram3.feed.FeedFavMapperTest] Started FeedFavMapperTest in 0.896 seconds (process running for 1.629)
[2023-12-18 11:47:49 INFO  main] [com.zaxxer.hikari.HikariDataSource] HikariPool-1 - Starting...
[2023-12-18 11:47:49 INFO  main] [com.zaxxer.hikari.pool.HikariPool] HikariPool-1 - Added connection org.mariadb.jdbc.Connection@20c812c8
[2023-12-18 11:47:49 INFO  main] [com.zaxxer.hikari.HikariDataSource] HikariPool-1 - Start completed.
[2023-12-18 11:47:49 WARN  main] [org.mariadb.jdbc.message.server.ErrorPacket] Error: 1452-23000: Cannot add or update a child row: a foreign key constraint fails (`greengram3`.`t_feed_fav`, CONSTRAINT `t_feed_fav_ibfk_1` FOREIGN KEY (`iuser`) REFERENCES `t_user` (`iuser`))
[2023-12-18 11:47:50 INFO  SpringApplicationShutdownHook] [com.zaxxer.hikari.HikariDataSource] HikariPool-1 - Shutdown initiated...
[2023-12-18 11:47:50 INFO  SpringApplicationShutdownHook] [com.zaxxer.hikari.HikariDataSource] HikariPool-1 - Shutdown completed.
[2023-12-18 11:47:55 INFO  main] [com.green.greengram3.feed.FeedFavMapperTest] Starting FeedFavMapperTest using Java 17.0.8.1 with PID 9844 (started by Administrator in D:\java\greengram3)
[2023-12-18 11:47:55 INFO  main] [com.green.greengram3.feed.FeedFavMapperTest] No active profile set, falling back to 1 default profile: "default"
[2023-12-18 11:47:56 INFO  main] [com.green.greengram3.feed.FeedFavMapperTest] Started FeedFavMapperTest in 0.898 seconds (process running for 1.633)
[2023-12-18 11:47:56 INFO  main] [com.zaxxer.hikari.HikariDataSource] HikariPool-1 - Starting...
[2023-12-18 11:47:56 INFO  main] [com.zaxxer.hikari.pool.HikariPool] HikariPool-1 - Added connection org.mariadb.jdbc.Connection@20c812c8
[2023-12-18 11:47:56 INFO  main] [com.zaxxer.hikari.HikariDataSource] HikariPool-1 - Start completed.
[2023-12-18 11:47:56 INFO  SpringApplicationShutdownHook] [com.zaxxer.hikari.HikariDataSource] HikariPool-1 - Shutdown initiated...
[2023-12-18 11:47:56 INFO  SpringApplicationShutdownHook] [com.zaxxer.hikari.HikariDataSource] HikariPool-1 - Shutdown completed.
[2023-12-18 11:54:21 INFO  main] [com.green.greengram3.feed.FeedFavMapperTest] Starting FeedFavMapperTest using Java 17.0.8.1 with PID 10856 (started by Administrator in D:\java\greengram3)
[2023-12-18 11:54:21 INFO  main] [com.green.greengram3.feed.FeedFavMapperTest] No active profile set, falling back to 1 default profile: "default"
[2023-12-18 11:54:22 INFO  main] [com.green.greengram3.feed.FeedFavMapperTest] Started FeedFavMapperTest in 0.897 seconds (process running for 1.607)
[2023-12-18 11:54:22 INFO  main] [com.zaxxer.hikari.HikariDataSource] HikariPool-1 - Starting...
[2023-12-18 11:54:22 INFO  main] [com.zaxxer.hikari.pool.HikariPool] HikariPool-1 - Added connection org.mariadb.jdbc.Connection@79476a4e
[2023-12-18 11:54:22 INFO  main] [com.zaxxer.hikari.HikariDataSource] HikariPool-1 - Start completed.
[2023-12-18 11:54:22 INFO  SpringApplicationShutdownHook] [com.zaxxer.hikari.HikariDataSource] HikariPool-1 - Shutdown initiated...
[2023-12-18 11:54:22 INFO  SpringApplicationShutdownHook] [com.zaxxer.hikari.HikariDataSource] HikariPool-1 - Shutdown completed.
[2023-12-18 11:54:48 INFO  main] [com.green.greengram3.feed.FeedFavMapperTest] Starting FeedFavMapperTest using Java 17.0.8.1 with PID 5308 (started by Administrator in D:\java\greengram3)
[2023-12-18 11:54:48 INFO  main] [com.green.greengram3.feed.FeedFavMapperTest] No active profile set, falling back to 1 default profile: "default"
[2023-12-18 11:54:49 INFO  main] [com.green.greengram3.feed.FeedFavMapperTest] Started FeedFavMapperTest in 0.913 seconds (process running for 1.648)
[2023-12-18 11:54:49 INFO  main] [com.zaxxer.hikari.HikariDataSource] HikariPool-1 - Starting...
[2023-12-18 11:54:49 INFO  main] [com.zaxxer.hikari.pool.HikariPool] HikariPool-1 - Added connection org.mariadb.jdbc.Connection@5a515e5d
[2023-12-18 11:54:49 INFO  main] [com.zaxxer.hikari.HikariDataSource] HikariPool-1 - Start completed.
[2023-12-18 11:54:49 INFO  SpringApplicationShutdownHook] [com.zaxxer.hikari.HikariDataSource] HikariPool-1 - Shutdown initiated...
[2023-12-18 11:54:49 INFO  SpringApplicationShutdownHook] [com.zaxxer.hikari.HikariDataSource] HikariPool-1 - Shutdown completed.
[2023-12-18 11:55:10 INFO  main] [com.green.greengram3.feed.FeedFavMapperTest] Starting FeedFavMapperTest using Java 17.0.8.1 with PID 7252 (started by Administrator in D:\java\greengram3)
[2023-12-18 11:55:10 INFO  main] [com.green.greengram3.feed.FeedFavMapperTest] No active profile set, falling back to 1 default profile: "default"
[2023-12-18 11:55:11 INFO  main] [com.green.greengram3.feed.FeedFavMapperTest] Started FeedFavMapperTest in 0.894 seconds (process running for 1.619)
[2023-12-18 11:55:11 INFO  main] [com.zaxxer.hikari.HikariDataSource] HikariPool-1 - Starting...
[2023-12-18 11:55:11 INFO  main] [com.zaxxer.hikari.pool.HikariPool] HikariPool-1 - Added connection org.mariadb.jdbc.Connection@52ae997b
[2023-12-18 11:55:11 INFO  main] [com.zaxxer.hikari.HikariDataSource] HikariPool-1 - Start completed.
[2023-12-18 11:55:11 INFO  SpringApplicationShutdownHook] [com.zaxxer.hikari.HikariDataSource] HikariPool-1 - Shutdown initiated...
[2023-12-18 11:55:11 INFO  SpringApplicationShutdownHook] [com.zaxxer.hikari.HikariDataSource] HikariPool-1 - Shutdown completed.
[2023-12-18 11:56:14 INFO  main] [com.green.greengram3.feed.FeedFavMapperTest] Starting FeedFavMapperTest using Java 17.0.8.1 with PID 5352 (started by Administrator in D:\java\greengram3)
[2023-12-18 11:56:14 INFO  main] [com.green.greengram3.feed.FeedFavMapperTest] No active profile set, falling back to 1 default profile: "default"
[2023-12-18 11:56:15 INFO  main] [com.green.greengram3.feed.FeedFavMapperTest] Started FeedFavMapperTest in 0.9 seconds (process running for 1.631)
[2023-12-18 11:56:15 INFO  main] [com.zaxxer.hikari.HikariDataSource] HikariPool-1 - Starting...
[2023-12-18 11:56:15 INFO  main] [com.zaxxer.hikari.pool.HikariPool] HikariPool-1 - Added connection org.mariadb.jdbc.Connection@32d418a9
[2023-12-18 11:56:15 INFO  main] [com.zaxxer.hikari.HikariDataSource] HikariPool-1 - Start completed.
[2023-12-18 11:56:16 INFO  SpringApplicationShutdownHook] [com.zaxxer.hikari.HikariDataSource] HikariPool-1 - Shutdown initiated...
[2023-12-18 11:56:16 INFO  SpringApplicationShutdownHook] [com.zaxxer.hikari.HikariDataSource] HikariPool-1 - Shutdown completed.
[2023-12-18 11:57:28 INFO  main] [com.green.greengram3.feed.FeedFavMapperTest] Starting FeedFavMapperTest using Java 17.0.8.1 with PID 5436 (started by Administrator in D:\java\greengram3)
[2023-12-18 11:57:28 INFO  main] [com.green.greengram3.feed.FeedFavMapperTest] No active profile set, falling back to 1 default profile: "default"
[2023-12-18 11:57:28 INFO  main] [com.green.greengram3.feed.FeedFavMapperTest] Started FeedFavMapperTest in 0.921 seconds (process running for 1.654)
[2023-12-18 11:57:28 INFO  main] [com.zaxxer.hikari.HikariDataSource] HikariPool-1 - Starting...
[2023-12-18 11:57:28 INFO  main] [com.zaxxer.hikari.pool.HikariPool] HikariPool-1 - Added connection org.mariadb.jdbc.Connection@423a0e1d
[2023-12-18 11:57:28 INFO  main] [com.zaxxer.hikari.HikariDataSource] HikariPool-1 - Start completed.
[2023-12-18 11:57:29 INFO  SpringApplicationShutdownHook] [com.zaxxer.hikari.HikariDataSource] HikariPool-1 - Shutdown initiated...
[2023-12-18 11:57:29 INFO  SpringApplicationShutdownHook] [com.zaxxer.hikari.HikariDataSource] HikariPool-1 - Shutdown completed.
[2023-12-18 11:58:40 INFO  main] [com.green.greengram3.feed.FeedFavMapperTest] Starting FeedFavMapperTest using Java 17.0.8.1 with PID 5720 (started by Administrator in D:\java\greengram3)
[2023-12-18 11:58:40 INFO  main] [com.green.greengram3.feed.FeedFavMapperTest] No active profile set, falling back to 1 default profile: "default"
[2023-12-18 11:58:41 INFO  main] [com.green.greengram3.feed.FeedFavMapperTest] Started FeedFavMapperTest in 0.916 seconds (process running for 1.674)
[2023-12-18 11:58:41 INFO  main] [com.zaxxer.hikari.HikariDataSource] HikariPool-1 - Starting...
[2023-12-18 11:58:41 INFO  main] [com.zaxxer.hikari.pool.HikariPool] HikariPool-1 - Added connection org.mariadb.jdbc.Connection@4eaf7902
[2023-12-18 11:58:41 INFO  main] [com.zaxxer.hikari.HikariDataSource] HikariPool-1 - Start completed.
[2023-12-18 11:58:42 INFO  SpringApplicationShutdownHook] [com.zaxxer.hikari.HikariDataSource] HikariPool-1 - Shutdown initiated...
[2023-12-18 11:58:42 INFO  SpringApplicationShutdownHook] [com.zaxxer.hikari.HikariDataSource] HikariPool-1 - Shutdown completed.
[2023-12-18 12:03:03 INFO  main] [com.green.greengram3.feed.FeedFavMapperTest] Starting FeedFavMapperTest using Java 17.0.8.1 with PID 8188 (started by Administrator in D:\java\greengram3)
[2023-12-18 12:03:03 INFO  main] [com.green.greengram3.feed.FeedFavMapperTest] No active profile set, falling back to 1 default profile: "default"
[2023-12-18 12:03:03 INFO  main] [com.green.greengram3.feed.FeedFavMapperTest] Started FeedFavMapperTest in 0.906 seconds (process running for 1.664)
[2023-12-18 12:03:03 INFO  main] [com.zaxxer.hikari.HikariDataSource] HikariPool-1 - Starting...
[2023-12-18 12:03:03 INFO  main] [com.zaxxer.hikari.pool.HikariPool] HikariPool-1 - Added connection org.mariadb.jdbc.Connection@43ecfeb5
[2023-12-18 12:03:03 INFO  main] [com.zaxxer.hikari.HikariDataSource] HikariPool-1 - Start completed.
[2023-12-18 12:03:04 INFO  SpringApplicationShutdownHook] [com.zaxxer.hikari.HikariDataSource] HikariPool-1 - Shutdown initiated...
[2023-12-18 12:03:04 INFO  SpringApplicationShutdownHook] [com.zaxxer.hikari.HikariDataSource] HikariPool-1 - Shutdown completed.
[2023-12-18 12:03:22 INFO  main] [com.green.greengram3.feed.FeedFavMapperTest] Starting FeedFavMapperTest using Java 17.0.8.1 with PID 10836 (started by Administrator in D:\java\greengram3)
[2023-12-18 12:03:22 INFO  main] [com.green.greengram3.feed.FeedFavMapperTest] No active profile set, falling back to 1 default profile: "default"
[2023-12-18 12:03:22 INFO  main] [com.green.greengram3.feed.FeedFavMapperTest] Started FeedFavMapperTest in 0.896 seconds (process running for 1.631)
[2023-12-18 12:03:22 INFO  main] [com.zaxxer.hikari.HikariDataSource] HikariPool-1 - Starting...
[2023-12-18 12:03:22 INFO  main] [com.zaxxer.hikari.pool.HikariPool] HikariPool-1 - Added connection org.mariadb.jdbc.Connection@51efb731
[2023-12-18 12:03:22 INFO  main] [com.zaxxer.hikari.HikariDataSource] HikariPool-1 - Start completed.
[2023-12-18 12:03:23 INFO  SpringApplicationShutdownHook] [com.zaxxer.hikari.HikariDataSource] HikariPool-1 - Shutdown initiated...
[2023-12-18 12:03:23 INFO  SpringApplicationShutdownHook] [com.zaxxer.hikari.HikariDataSource] HikariPool-1 - Shutdown completed.
[2023-12-18 12:06:50 INFO  main] [com.green.greengram3.feed.FeedFavMapperTest] Starting FeedFavMapperTest using Java 17.0.8.1 with PID 9172 (started by Administrator in D:\java\greengram3)
[2023-12-18 12:06:50 INFO  main] [com.green.greengram3.feed.FeedFavMapperTest] No active profile set, falling back to 1 default profile: "default"
[2023-12-18 12:06:51 INFO  main] [com.green.greengram3.feed.FeedFavMapperTest] Started FeedFavMapperTest in 0.911 seconds (process running for 1.632)
[2023-12-18 12:06:51 INFO  main] [com.zaxxer.hikari.HikariDataSource] HikariPool-1 - Starting...
[2023-12-18 12:06:51 INFO  main] [com.zaxxer.hikari.pool.HikariPool] HikariPool-1 - Added connection org.mariadb.jdbc.Connection@32d418a9
[2023-12-18 12:06:51 INFO  main] [com.zaxxer.hikari.HikariDataSource] HikariPool-1 - Start completed.
[2023-12-18 12:06:52 INFO  SpringApplicationShutdownHook] [com.zaxxer.hikari.HikariDataSource] HikariPool-1 - Shutdown initiated...
[2023-12-18 12:06:52 INFO  SpringApplicationShutdownHook] [com.zaxxer.hikari.HikariDataSource] HikariPool-1 - Shutdown completed.
[2023-12-18 12:08:08 INFO  main] [com.green.greengram3.feed.FeedFavMapperTest] Starting FeedFavMapperTest using Java 17.0.8.1 with PID 5404 (started by Administrator in D:\java\greengram3)
[2023-12-18 12:08:08 INFO  main] [com.green.greengram3.feed.FeedFavMapperTest] No active profile set, falling back to 1 default profile: "default"
[2023-12-18 12:08:09 INFO  main] [com.green.greengram3.feed.FeedFavMapperTest] Started FeedFavMapperTest in 0.897 seconds (process running for 1.656)
[2023-12-18 12:08:09 INFO  main] [com.zaxxer.hikari.HikariDataSource] HikariPool-1 - Starting...
[2023-12-18 12:08:09 INFO  main] [com.zaxxer.hikari.pool.HikariPool] HikariPool-1 - Added connection org.mariadb.jdbc.Connection@746c411c
[2023-12-18 12:08:09 INFO  main] [com.zaxxer.hikari.HikariDataSource] HikariPool-1 - Start completed.
[2023-12-18 12:08:09 INFO  SpringApplicationShutdownHook] [com.zaxxer.hikari.HikariDataSource] HikariPool-1 - Shutdown initiated...
[2023-12-18 12:08:09 INFO  SpringApplicationShutdownHook] [com.zaxxer.hikari.HikariDataSource] HikariPool-1 - Shutdown completed.
[2023-12-18 12:09:51 INFO  main] [com.green.greengram3.feed.FeedFavMapperTest] Starting FeedFavMapperTest using Java 17.0.8.1 with PID 10752 (started by Administrator in D:\java\greengram3)
[2023-12-18 12:09:51 INFO  main] [com.green.greengram3.feed.FeedFavMapperTest] No active profile set, falling back to 1 default profile: "default"
[2023-12-18 12:09:51 INFO  main] [com.green.greengram3.feed.FeedFavMapperTest] Started FeedFavMapperTest in 0.9 seconds (process running for 1.629)
[2023-12-18 12:09:51 INFO  main] [com.zaxxer.hikari.HikariDataSource] HikariPool-1 - Starting...
[2023-12-18 12:09:51 INFO  main] [com.zaxxer.hikari.pool.HikariPool] HikariPool-1 - Added connection org.mariadb.jdbc.Connection@20c812c8
[2023-12-18 12:09:51 INFO  main] [com.zaxxer.hikari.HikariDataSource] HikariPool-1 - Start completed.
[2023-12-18 12:09:52 INFO  SpringApplicationShutdownHook] [com.zaxxer.hikari.HikariDataSource] HikariPool-1 - Shutdown initiated...
[2023-12-18 12:09:52 INFO  SpringApplicationShutdownHook] [com.zaxxer.hikari.HikariDataSource] HikariPool-1 - Shutdown completed.
[2023-12-18 12:16:47 INFO  main] [com.green.greengram3.feed.FeedFavMapperTest] Starting FeedFavMapperTest using Java 17.0.8.1 with PID 6364 (started by Administrator in D:\java\greengram3)
[2023-12-18 12:16:47 INFO  main] [com.green.greengram3.feed.FeedFavMapperTest] No active profile set, falling back to 1 default profile: "default"
[2023-12-18 12:16:47 INFO  main] [com.green.greengram3.feed.FeedFavMapperTest] Started FeedFavMapperTest in 0.9 seconds (process running for 1.641)
[2023-12-18 12:16:48 INFO  main] [com.zaxxer.hikari.HikariDataSource] HikariPool-1 - Starting...
[2023-12-18 12:16:48 INFO  main] [com.zaxxer.hikari.pool.HikariPool] HikariPool-1 - Added connection org.mariadb.jdbc.Connection@71aaf151
[2023-12-18 12:16:48 INFO  main] [com.zaxxer.hikari.HikariDataSource] HikariPool-1 - Start completed.
[2023-12-18 12:16:48 INFO  SpringApplicationShutdownHook] [com.zaxxer.hikari.HikariDataSource] HikariPool-1 - Shutdown initiated...
[2023-12-18 12:16:48 INFO  SpringApplicationShutdownHook] [com.zaxxer.hikari.HikariDataSource] HikariPool-1 - Shutdown completed.
[2023-12-18 12:17:20 INFO  main] [com.green.greengram3.feed.FeedFavMapperTest] Starting FeedFavMapperTest using Java 17.0.8.1 with PID 2684 (started by Administrator in D:\java\greengram3)
[2023-12-18 12:17:20 INFO  main] [com.green.greengram3.feed.FeedFavMapperTest] No active profile set, falling back to 1 default profile: "default"
[2023-12-18 12:17:20 INFO  main] [com.green.greengram3.feed.FeedFavMapperTest] Started FeedFavMapperTest in 0.907 seconds (process running for 1.651)
[2023-12-18 12:17:20 INFO  main] [com.zaxxer.hikari.HikariDataSource] HikariPool-1 - Starting...
[2023-12-18 12:17:20 INFO  main] [com.zaxxer.hikari.pool.HikariPool] HikariPool-1 - Added connection org.mariadb.jdbc.Connection@51efb731
[2023-12-18 12:17:20 INFO  main] [com.zaxxer.hikari.HikariDataSource] HikariPool-1 - Start completed.
[2023-12-18 12:17:21 INFO  SpringApplicationShutdownHook] [com.zaxxer.hikari.HikariDataSource] HikariPool-1 - Shutdown initiated...
[2023-12-18 12:17:21 INFO  SpringApplicationShutdownHook] [com.zaxxer.hikari.HikariDataSource] HikariPool-1 - Shutdown completed.
[2023-12-18 12:18:14 INFO  main] [com.green.greengram3.feed.FeedFavMapperTest] Starting FeedFavMapperTest using Java 17.0.8.1 with PID 6092 (started by Administrator in D:\java\greengram3)
[2023-12-18 12:18:14 INFO  main] [com.green.greengram3.feed.FeedFavMapperTest] No active profile set, falling back to 1 default profile: "default"
[2023-12-18 12:18:15 INFO  main] [com.green.greengram3.feed.FeedFavMapperTest] Started FeedFavMapperTest in 0.941 seconds (process running for 1.682)
[2023-12-18 12:18:15 INFO  main] [com.zaxxer.hikari.HikariDataSource] HikariPool-1 - Starting...
[2023-12-18 12:18:15 INFO  main] [com.zaxxer.hikari.pool.HikariPool] HikariPool-1 - Added connection org.mariadb.jdbc.Connection@7061622
[2023-12-18 12:18:15 INFO  main] [com.zaxxer.hikari.HikariDataSource] HikariPool-1 - Start completed.
[2023-12-18 12:18:16 INFO  SpringApplicationShutdownHook] [com.zaxxer.hikari.HikariDataSource] HikariPool-1 - Shutdown initiated...
[2023-12-18 12:18:16 INFO  SpringApplicationShutdownHook] [com.zaxxer.hikari.HikariDataSource] HikariPool-1 - Shutdown completed.
[2023-12-18 12:42:45 INFO  main] [com.green.greengram3.feed.FeedFavMapperTest] Starting FeedFavMapperTest using Java 17.0.8.1 with PID 12068 (started by Administrator in D:\java\greengram3)
[2023-12-18 12:42:45 INFO  main] [com.green.greengram3.feed.FeedFavMapperTest] No active profile set, falling back to 1 default profile: "default"
[2023-12-18 12:42:45 INFO  main] [com.green.greengram3.feed.FeedFavMapperTest] Started FeedFavMapperTest in 0.921 seconds (process running for 1.673)
[2023-12-18 12:42:45 INFO  main] [com.zaxxer.hikari.HikariDataSource] HikariPool-1 - Starting...
[2023-12-18 12:42:45 INFO  main] [com.zaxxer.hikari.pool.HikariPool] HikariPool-1 - Added connection org.mariadb.jdbc.Connection@43ecfeb5
[2023-12-18 12:42:45 INFO  main] [com.zaxxer.hikari.HikariDataSource] HikariPool-1 - Start completed.
[2023-12-18 12:42:46 INFO  SpringApplicationShutdownHook] [com.zaxxer.hikari.HikariDataSource] HikariPool-1 - Shutdown initiated...
[2023-12-18 12:42:46 INFO  SpringApplicationShutdownHook] [com.zaxxer.hikari.HikariDataSource] HikariPool-1 - Shutdown completed.
[2023-12-18 12:42:58 INFO  main] [com.green.greengram3.feed.FeedFavMapperTest] Starting FeedFavMapperTest using Java 17.0.8.1 with PID 11536 (started by Administrator in D:\java\greengram3)
[2023-12-18 12:42:58 INFO  main] [com.green.greengram3.feed.FeedFavMapperTest] No active profile set, falling back to 1 default profile: "default"
[2023-12-18 12:42:58 INFO  main] [com.green.greengram3.feed.FeedFavMapperTest] Started FeedFavMapperTest in 0.911 seconds (process running for 1.651)
[2023-12-18 12:42:58 INFO  main] [com.zaxxer.hikari.HikariDataSource] HikariPool-1 - Starting...
[2023-12-18 12:42:58 INFO  main] [com.zaxxer.hikari.pool.HikariPool] HikariPool-1 - Added connection org.mariadb.jdbc.Connection@4da1f38a
[2023-12-18 12:42:58 INFO  main] [com.zaxxer.hikari.HikariDataSource] HikariPool-1 - Start completed.
[2023-12-18 12:42:59 INFO  SpringApplicationShutdownHook] [com.zaxxer.hikari.HikariDataSource] HikariPool-1 - Shutdown initiated...
[2023-12-18 12:42:59 INFO  SpringApplicationShutdownHook] [com.zaxxer.hikari.HikariDataSource] HikariPool-1 - Shutdown completed.
[2023-12-18 12:43:25 INFO  main] [com.green.greengram3.feed.FeedFavMapperTest] Starting FeedFavMapperTest using Java 17.0.8.1 with PID 11380 (started by Administrator in D:\java\greengram3)
[2023-12-18 12:43:25 INFO  main] [com.green.greengram3.feed.FeedFavMapperTest] No active profile set, falling back to 1 default profile: "default"
[2023-12-18 12:43:26 INFO  main] [com.green.greengram3.feed.FeedFavMapperTest] Started FeedFavMapperTest in 0.917 seconds (process running for 1.662)
[2023-12-18 12:43:26 INFO  main] [com.zaxxer.hikari.HikariDataSource] HikariPool-1 - Starting...
[2023-12-18 12:43:26 INFO  main] [com.zaxxer.hikari.pool.HikariPool] HikariPool-1 - Added connection org.mariadb.jdbc.Connection@32d418a9
[2023-12-18 12:43:26 INFO  main] [com.zaxxer.hikari.HikariDataSource] HikariPool-1 - Start completed.
[2023-12-18 12:43:26 INFO  SpringApplicationShutdownHook] [com.zaxxer.hikari.HikariDataSource] HikariPool-1 - Shutdown initiated...
[2023-12-18 12:43:26 INFO  SpringApplicationShutdownHook] [com.zaxxer.hikari.HikariDataSource] HikariPool-1 - Shutdown completed.
[2023-12-18 12:49:35 INFO  main] [com.green.greengram3.feed.FeedFavMapperTest] Starting FeedFavMapperTest using Java 17.0.8.1 with PID 768 (started by Administrator in D:\java\greengram3)
[2023-12-18 12:49:35 INFO  main] [com.green.greengram3.feed.FeedFavMapperTest] No active profile set, falling back to 1 default profile: "default"
[2023-12-18 12:49:36 INFO  main] [com.green.greengram3.feed.FeedFavMapperTest] Started FeedFavMapperTest in 0.929 seconds (process running for 1.721)
[2023-12-18 12:49:36 INFO  main] [com.zaxxer.hikari.HikariDataSource] HikariPool-1 - Starting...
[2023-12-18 12:49:36 INFO  main] [com.zaxxer.hikari.pool.HikariPool] HikariPool-1 - Added connection org.mariadb.jdbc.Connection@6b9fdbc6
[2023-12-18 12:49:36 INFO  main] [com.zaxxer.hikari.HikariDataSource] HikariPool-1 - Start completed.
[2023-12-18 12:49:36 INFO  SpringApplicationShutdownHook] [com.zaxxer.hikari.HikariDataSource] HikariPool-1 - Shutdown initiated...
[2023-12-18 12:49:36 INFO  SpringApplicationShutdownHook] [com.zaxxer.hikari.HikariDataSource] HikariPool-1 - Shutdown completed.
[2023-12-18 12:50:23 INFO  main] [com.green.greengram3.feed.FeedFavMapperTest] Starting FeedFavMapperTest using Java 17.0.8.1 with PID 12044 (started by Administrator in D:\java\greengram3)
[2023-12-18 12:50:23 INFO  main] [com.green.greengram3.feed.FeedFavMapperTest] No active profile set, falling back to 1 default profile: "default"
[2023-12-18 12:50:24 INFO  main] [com.green.greengram3.feed.FeedFavMapperTest] Started FeedFavMapperTest in 0.913 seconds (process running for 1.664)
[2023-12-18 12:50:24 INFO  main] [com.zaxxer.hikari.HikariDataSource] HikariPool-1 - Starting...
[2023-12-18 12:50:24 INFO  main] [com.zaxxer.hikari.pool.HikariPool] HikariPool-1 - Added connection org.mariadb.jdbc.Connection@4eaf7902
[2023-12-18 12:50:24 INFO  main] [com.zaxxer.hikari.HikariDataSource] HikariPool-1 - Start completed.
[2023-12-18 12:50:24 INFO  SpringApplicationShutdownHook] [com.zaxxer.hikari.HikariDataSource] HikariPool-1 - Shutdown initiated...
[2023-12-18 12:50:24 INFO  SpringApplicationShutdownHook] [com.zaxxer.hikari.HikariDataSource] HikariPool-1 - Shutdown completed.
[2023-12-18 12:51:48 INFO  main] [com.green.greengram3.feed.FeedFavMapperTest] Starting FeedFavMapperTest using Java 17.0.8.1 with PID 11804 (started by Administrator in D:\java\greengram3)
[2023-12-18 12:51:48 INFO  main] [com.green.greengram3.feed.FeedFavMapperTest] No active profile set, falling back to 1 default profile: "default"
[2023-12-18 12:51:49 INFO  main] [com.green.greengram3.feed.FeedFavMapperTest] Started FeedFavMapperTest in 0.906 seconds (process running for 1.66)
[2023-12-18 12:51:49 INFO  main] [com.zaxxer.hikari.HikariDataSource] HikariPool-1 - Starting...
[2023-12-18 12:51:49 INFO  main] [com.zaxxer.hikari.pool.HikariPool] HikariPool-1 - Added connection org.mariadb.jdbc.Connection@52ae997b
[2023-12-18 12:51:49 INFO  main] [com.zaxxer.hikari.HikariDataSource] HikariPool-1 - Start completed.
[2023-12-18 12:51:49 INFO  SpringApplicationShutdownHook] [com.zaxxer.hikari.HikariDataSource] HikariPool-1 - Shutdown initiated...
[2023-12-18 12:51:49 INFO  SpringApplicationShutdownHook] [com.zaxxer.hikari.HikariDataSource] HikariPool-1 - Shutdown completed.
[2023-12-18 12:51:54 INFO  main] [com.green.greengram3.feed.FeedFavMapperTest] Starting FeedFavMapperTest using Java 17.0.8.1 with PID 11588 (started by Administrator in D:\java\greengram3)
[2023-12-18 12:51:54 INFO  main] [com.green.greengram3.feed.FeedFavMapperTest] No active profile set, falling back to 1 default profile: "default"
[2023-12-18 12:51:54 INFO  main] [com.green.greengram3.feed.FeedFavMapperTest] Started FeedFavMapperTest in 0.91 seconds (process running for 1.637)
[2023-12-18 12:51:54 INFO  main] [com.zaxxer.hikari.HikariDataSource] HikariPool-1 - Starting...
[2023-12-18 12:51:55 INFO  main] [com.zaxxer.hikari.pool.HikariPool] HikariPool-1 - Added connection org.mariadb.jdbc.Connection@5856dbe4
[2023-12-18 12:51:55 INFO  main] [com.zaxxer.hikari.HikariDataSource] HikariPool-1 - Start completed.
[2023-12-18 12:51:55 INFO  SpringApplicationShutdownHook] [com.zaxxer.hikari.HikariDataSource] HikariPool-1 - Shutdown initiated...
[2023-12-18 12:51:55 INFO  SpringApplicationShutdownHook] [com.zaxxer.hikari.HikariDataSource] HikariPool-1 - Shutdown completed.
[2023-12-18 12:57:02 INFO  main] [com.green.greengram3.feed.FeedFavMapperTest] Starting FeedFavMapperTest using Java 17.0.8.1 with PID 9952 (started by Administrator in D:\java\greengram3)
[2023-12-18 12:57:02 INFO  main] [com.green.greengram3.feed.FeedFavMapperTest] No active profile set, falling back to 1 default profile: "default"
[2023-12-18 12:57:03 INFO  main] [com.green.greengram3.feed.FeedFavMapperTest] Started FeedFavMapperTest in 0.907 seconds (process running for 1.659)
[2023-12-18 12:57:03 INFO  main] [com.zaxxer.hikari.HikariDataSource] HikariPool-1 - Starting...
[2023-12-18 12:57:03 INFO  main] [com.zaxxer.hikari.pool.HikariPool] HikariPool-1 - Added connection org.mariadb.jdbc.Connection@3281dfc2
[2023-12-18 12:57:03 INFO  main] [com.zaxxer.hikari.HikariDataSource] HikariPool-1 - Start completed.
[2023-12-18 12:57:03 INFO  SpringApplicationShutdownHook] [com.zaxxer.hikari.HikariDataSource] HikariPool-1 - Shutdown initiated...
[2023-12-18 12:57:03 INFO  SpringApplicationShutdownHook] [com.zaxxer.hikari.HikariDataSource] HikariPool-1 - Shutdown completed.
[2023-12-18 12:57:18 INFO  main] [com.green.greengram3.feed.FeedFavMapperTest] Starting FeedFavMapperTest using Java 17.0.8.1 with PID 11700 (started by Administrator in D:\java\greengram3)
[2023-12-18 12:57:18 INFO  main] [com.green.greengram3.feed.FeedFavMapperTest] No active profile set, falling back to 1 default profile: "default"
[2023-12-18 12:57:19 INFO  main] [com.green.greengram3.feed.FeedFavMapperTest] Started FeedFavMapperTest in 0.963 seconds (process running for 1.711)
[2023-12-18 12:57:19 INFO  main] [com.zaxxer.hikari.HikariDataSource] HikariPool-1 - Starting...
[2023-12-18 12:57:19 INFO  main] [com.zaxxer.hikari.pool.HikariPool] HikariPool-1 - Added connection org.mariadb.jdbc.Connection@f557c37
[2023-12-18 12:57:19 INFO  main] [com.zaxxer.hikari.HikariDataSource] HikariPool-1 - Start completed.
[2023-12-18 12:57:19 INFO  SpringApplicationShutdownHook] [com.zaxxer.hikari.HikariDataSource] HikariPool-1 - Shutdown initiated...
[2023-12-18 12:57:19 INFO  SpringApplicationShutdownHook] [com.zaxxer.hikari.HikariDataSource] HikariPool-1 - Shutdown completed.
[2023-12-18 12:57:48 INFO  main] [com.green.greengram3.feed.FeedFavMapperTest] Starting FeedFavMapperTest using Java 17.0.8.1 with PID 10776 (started by Administrator in D:\java\greengram3)
[2023-12-18 12:57:48 INFO  main] [com.green.greengram3.feed.FeedFavMapperTest] No active profile set, falling back to 1 default profile: "default"
[2023-12-18 12:57:48 INFO  main] [com.green.greengram3.feed.FeedFavMapperTest] Started FeedFavMapperTest in 0.925 seconds (process running for 1.678)
[2023-12-18 12:57:48 INFO  main] [com.zaxxer.hikari.HikariDataSource] HikariPool-1 - Starting...
[2023-12-18 12:57:48 INFO  main] [com.zaxxer.hikari.pool.HikariPool] HikariPool-1 - Added connection org.mariadb.jdbc.Connection@7e15f4d4
[2023-12-18 12:57:48 INFO  main] [com.zaxxer.hikari.HikariDataSource] HikariPool-1 - Start completed.
[2023-12-18 12:57:49 INFO  SpringApplicationShutdownHook] [com.zaxxer.hikari.HikariDataSource] HikariPool-1 - Shutdown initiated...
[2023-12-18 12:57:49 INFO  SpringApplicationShutdownHook] [com.zaxxer.hikari.HikariDataSource] HikariPool-1 - Shutdown completed.
[2023-12-18 12:57:59 INFO  main] [com.green.greengram3.feed.FeedFavMapperTest] Starting FeedFavMapperTest using Java 17.0.8.1 with PID 1220 (started by Administrator in D:\java\greengram3)
[2023-12-18 12:57:59 INFO  main] [com.green.greengram3.feed.FeedFavMapperTest] No active profile set, falling back to 1 default profile: "default"
[2023-12-18 12:58:00 INFO  main] [com.green.greengram3.feed.FeedFavMapperTest] Started FeedFavMapperTest in 0.929 seconds (process running for 1.677)
[2023-12-18 12:58:00 INFO  main] [com.zaxxer.hikari.HikariDataSource] HikariPool-1 - Starting...
[2023-12-18 12:58:00 INFO  main] [com.zaxxer.hikari.pool.HikariPool] HikariPool-1 - Added connection org.mariadb.jdbc.Connection@3281dfc2
[2023-12-18 12:58:00 INFO  main] [com.zaxxer.hikari.HikariDataSource] HikariPool-1 - Start completed.
[2023-12-18 12:58:01 INFO  SpringApplicationShutdownHook] [com.zaxxer.hikari.HikariDataSource] HikariPool-1 - Shutdown initiated...
[2023-12-18 12:58:01 INFO  SpringApplicationShutdownHook] [com.zaxxer.hikari.HikariDataSource] HikariPool-1 - Shutdown completed.
[2023-12-18 12:58:27 INFO  main] [com.green.greengram3.feed.FeedFavMapperTest] Starting FeedFavMapperTest using Java 17.0.8.1 with PID 10536 (started by Administrator in D:\java\greengram3)
[2023-12-18 12:58:27 INFO  main] [com.green.greengram3.feed.FeedFavMapperTest] No active profile set, falling back to 1 default profile: "default"
[2023-12-18 12:58:28 INFO  main] [com.green.greengram3.feed.FeedFavMapperTest] Started FeedFavMapperTest in 0.932 seconds (process running for 1.664)
[2023-12-18 12:58:28 INFO  main] [com.zaxxer.hikari.HikariDataSource] HikariPool-1 - Starting...
[2023-12-18 12:58:28 INFO  main] [com.zaxxer.hikari.pool.HikariPool] HikariPool-1 - Added connection org.mariadb.jdbc.Connection@7e15f4d4
[2023-12-18 12:58:28 INFO  main] [com.zaxxer.hikari.HikariDataSource] HikariPool-1 - Start completed.
[2023-12-18 12:58:29 INFO  SpringApplicationShutdownHook] [com.zaxxer.hikari.HikariDataSource] HikariPool-1 - Shutdown initiated...
[2023-12-18 12:58:29 INFO  SpringApplicationShutdownHook] [com.zaxxer.hikari.HikariDataSource] HikariPool-1 - Shutdown completed.
[2023-12-18 12:58:40 INFO  main] [com.green.greengram3.feed.FeedFavMapperTest] Starting FeedFavMapperTest using Java 17.0.8.1 with PID 8768 (started by Administrator in D:\java\greengram3)
[2023-12-18 12:58:40 INFO  main] [com.green.greengram3.feed.FeedFavMapperTest] No active profile set, falling back to 1 default profile: "default"
[2023-12-18 12:58:41 INFO  main] [com.green.greengram3.feed.FeedFavMapperTest] Started FeedFavMapperTest in 0.905 seconds (process running for 1.637)
[2023-12-18 12:58:41 INFO  main] [com.zaxxer.hikari.HikariDataSource] HikariPool-1 - Starting...
[2023-12-18 12:58:41 INFO  main] [com.zaxxer.hikari.pool.HikariPool] HikariPool-1 - Added connection org.mariadb.jdbc.Connection@32d418a9
[2023-12-18 12:58:41 INFO  main] [com.zaxxer.hikari.HikariDataSource] HikariPool-1 - Start completed.
[2023-12-18 12:58:41 INFO  SpringApplicationShutdownHook] [com.zaxxer.hikari.HikariDataSource] HikariPool-1 - Shutdown initiated...
[2023-12-18 12:58:41 INFO  SpringApplicationShutdownHook] [com.zaxxer.hikari.HikariDataSource] HikariPool-1 - Shutdown completed.
[2023-12-18 13:00:26 INFO  main] [com.green.greengram3.feed.FeedFavMapperTest] Starting FeedFavMapperTest using Java 17.0.8.1 with PID 12128 (started by Administrator in D:\java\greengram3)
[2023-12-18 13:00:26 INFO  main] [com.green.greengram3.feed.FeedFavMapperTest] No active profile set, falling back to 1 default profile: "default"
[2023-12-18 13:00:27 INFO  main] [com.green.greengram3.feed.FeedFavMapperTest] Started FeedFavMapperTest in 0.906 seconds (process running for 1.736)
[2023-12-18 13:00:27 INFO  main] [com.zaxxer.hikari.HikariDataSource] HikariPool-1 - Starting...
[2023-12-18 13:00:27 INFO  main] [com.zaxxer.hikari.pool.HikariPool] HikariPool-1 - Added connection org.mariadb.jdbc.Connection@5a515e5d
[2023-12-18 13:00:27 INFO  main] [com.zaxxer.hikari.HikariDataSource] HikariPool-1 - Start completed.
[2023-12-18 13:00:28 INFO  SpringApplicationShutdownHook] [com.zaxxer.hikari.HikariDataSource] HikariPool-1 - Shutdown initiated...
[2023-12-18 13:00:28 INFO  SpringApplicationShutdownHook] [com.zaxxer.hikari.HikariDataSource] HikariPool-1 - Shutdown completed.
[2023-12-18 13:00:32 INFO  main] [com.green.greengram3.feed.FeedFavMapperTest] Starting FeedFavMapperTest using Java 17.0.8.1 with PID 11440 (started by Administrator in D:\java\greengram3)
[2023-12-18 13:00:32 INFO  main] [com.green.greengram3.feed.FeedFavMapperTest] No active profile set, falling back to 1 default profile: "default"
[2023-12-18 13:00:32 INFO  main] [com.green.greengram3.feed.FeedFavMapperTest] Started FeedFavMapperTest in 0.914 seconds (process running for 1.659)
[2023-12-18 13:00:32 INFO  main] [com.zaxxer.hikari.HikariDataSource] HikariPool-1 - Starting...
[2023-12-18 13:00:32 INFO  main] [com.zaxxer.hikari.pool.HikariPool] HikariPool-1 - Added connection org.mariadb.jdbc.Connection@746c411c
[2023-12-18 13:00:32 INFO  main] [com.zaxxer.hikari.HikariDataSource] HikariPool-1 - Start completed.
[2023-12-18 13:00:33 INFO  SpringApplicationShutdownHook] [com.zaxxer.hikari.HikariDataSource] HikariPool-1 - Shutdown initiated...
[2023-12-18 13:00:33 INFO  SpringApplicationShutdownHook] [com.zaxxer.hikari.HikariDataSource] HikariPool-1 - Shutdown completed.
[2023-12-18 13:10:56 INFO  main] [com.green.greengram3.feed.FeedFavMapperTest] Starting FeedFavMapperTest using Java 17.0.8.1 with PID 2740 (started by Administrator in D:\java\greengram3)
[2023-12-18 13:10:56 INFO  main] [com.green.greengram3.feed.FeedFavMapperTest] No active profile set, falling back to 1 default profile: "default"
[2023-12-18 13:10:57 INFO  main] [com.green.greengram3.feed.FeedFavMapperTest] Started FeedFavMapperTest in 0.915 seconds (process running for 1.657)
[2023-12-18 13:10:57 INFO  main] [com.zaxxer.hikari.HikariDataSource] HikariPool-1 - Starting...
[2023-12-18 13:10:57 INFO  main] [com.zaxxer.hikari.pool.HikariPool] HikariPool-1 - Added connection org.mariadb.jdbc.Connection@52ae997b
[2023-12-18 13:10:57 INFO  main] [com.zaxxer.hikari.HikariDataSource] HikariPool-1 - Start completed.
[2023-12-18 13:10:57 INFO  SpringApplicationShutdownHook] [com.zaxxer.hikari.HikariDataSource] HikariPool-1 - Shutdown initiated...
[2023-12-18 13:10:57 INFO  SpringApplicationShutdownHook] [com.zaxxer.hikari.HikariDataSource] HikariPool-1 - Shutdown completed.
[2023-12-18 13:11:40 INFO  main] [com.green.greengram3.feed.FeedFavMapperTest] Starting FeedFavMapperTest using Java 17.0.8.1 with PID 11848 (started by Administrator in D:\java\greengram3)
[2023-12-18 13:11:40 INFO  main] [com.green.greengram3.feed.FeedFavMapperTest] No active profile set, falling back to 1 default profile: "default"
[2023-12-18 13:11:41 INFO  main] [com.green.greengram3.feed.FeedFavMapperTest] Started FeedFavMapperTest in 0.899 seconds (process running for 1.657)
[2023-12-18 13:11:41 INFO  main] [com.zaxxer.hikari.HikariDataSource] HikariPool-1 - Starting...
[2023-12-18 13:11:41 INFO  main] [com.zaxxer.hikari.pool.HikariPool] HikariPool-1 - Added connection org.mariadb.jdbc.Connection@14422d9d
[2023-12-18 13:11:41 INFO  main] [com.zaxxer.hikari.HikariDataSource] HikariPool-1 - Start completed.
[2023-12-18 13:11:42 INFO  SpringApplicationShutdownHook] [com.zaxxer.hikari.HikariDataSource] HikariPool-1 - Shutdown initiated...
[2023-12-18 13:11:42 INFO  SpringApplicationShutdownHook] [com.zaxxer.hikari.HikariDataSource] HikariPool-1 - Shutdown completed.
[2023-12-18 13:11:52 INFO  main] [com.green.greengram3.feed.FeedFavMapperTest] Starting FeedFavMapperTest using Java 17.0.8.1 with PID 11784 (started by Administrator in D:\java\greengram3)
[2023-12-18 13:11:52 INFO  main] [com.green.greengram3.feed.FeedFavMapperTest] No active profile set, falling back to 1 default profile: "default"
[2023-12-18 13:11:52 INFO  main] [com.green.greengram3.feed.FeedFavMapperTest] Started FeedFavMapperTest in 0.899 seconds (process running for 1.664)
[2023-12-18 13:11:52 INFO  main] [com.zaxxer.hikari.HikariDataSource] HikariPool-1 - Starting...
[2023-12-18 13:11:53 INFO  main] [com.zaxxer.hikari.pool.HikariPool] HikariPool-1 - Added connection org.mariadb.jdbc.Connection@3281dfc2
[2023-12-18 13:11:53 INFO  main] [com.zaxxer.hikari.HikariDataSource] HikariPool-1 - Start completed.
[2023-12-18 13:11:53 INFO  SpringApplicationShutdownHook] [com.zaxxer.hikari.HikariDataSource] HikariPool-1 - Shutdown initiated...
[2023-12-18 13:11:53 INFO  SpringApplicationShutdownHook] [com.zaxxer.hikari.HikariDataSource] HikariPool-1 - Shutdown completed.
