[2024-01-03 10:15:26 INFO  main] [com.green.greengram3.feed.FeedIntegrationTest] Starting FeedIntegrationTest using Java 17.0.8.1 with PID 1448 (started by Administrator in D:\java\greengram3)
[2024-01-03 10:15:26 INFO  main] [com.green.greengram3.feed.FeedIntegrationTest] No active profile set, falling back to 1 default profile: "default"
[2024-01-03 10:15:27 INFO  main] [org.springframework.boot.web.embedded.tomcat.TomcatWebServer] Tomcat initialized with port 0 (http)
[2024-01-03 10:15:27 INFO  main] [org.apache.coyote.http11.Http11NioProtocol] Initializing ProtocolHandler ["http-nio-auto-1"]
[2024-01-03 10:15:27 INFO  main] [org.apache.catalina.core.StandardService] Starting service [Tomcat]
[2024-01-03 10:15:27 INFO  main] [org.apache.catalina.core.StandardEngine] Starting Servlet engine: [Apache Tomcat/10.1.16]
[2024-01-03 10:15:27 INFO  main] [org.apache.catalina.core.ContainerBase.[Tomcat].[localhost].[/]] Initializing Spring embedded WebApplicationContext
[2024-01-03 10:15:27 INFO  main] [org.springframework.boot.web.servlet.context.ServletWebServerApplicationContext] Root WebApplicationContext: initialization completed in 1094 ms
[2024-01-03 10:15:27 INFO  main] [com.green.greengram3.common.FirebaseConfiguration] FirebaseApp Initialization Complete !!!
[2024-01-03 10:15:28 INFO  main] [org.springframework.boot.autoconfigure.web.servlet.WelcomePageHandlerMapping] Adding welcome page: class path resource [static/index.html]
[2024-01-03 10:15:28 INFO  main] [org.apache.catalina.core.ContainerBase.[Tomcat].[localhost].[/]] Initializing Spring TestDispatcherServlet ''
[2024-01-03 10:15:28 INFO  main] [org.springframework.test.web.servlet.TestDispatcherServlet] Initializing Servlet ''
[2024-01-03 10:15:28 INFO  main] [org.springframework.test.web.servlet.TestDispatcherServlet] Completed initialization in 0 ms
[2024-01-03 10:15:28 INFO  main] [org.apache.coyote.http11.Http11NioProtocol] Starting ProtocolHandler ["http-nio-auto-1"]
[2024-01-03 10:15:28 INFO  main] [org.springframework.boot.web.embedded.tomcat.TomcatWebServer] Tomcat started on port 50061 (http) with context path ''
[2024-01-03 10:15:28 INFO  main] [com.green.greengram3.feed.FeedIntegrationTest] Started FeedIntegrationTest in 2.292 seconds (process running for 3.221)
[2024-01-03 10:15:28 INFO  main] [com.zaxxer.hikari.HikariDataSource] HikariPool-1 - Starting...
[2024-01-03 10:15:28 INFO  main] [com.zaxxer.hikari.pool.HikariPool] HikariPool-1 - Added connection org.mariadb.jdbc.Connection@72e36677
[2024-01-03 10:15:28 INFO  main] [com.zaxxer.hikari.HikariDataSource] HikariPool-1 - Start completed.
[2024-01-03 10:15:29 INFO  main] [com.green.greengram3.common.my.MyInterceptor] ip = localhost
[2024-01-03 10:15:29 INFO  main] [com.green.greengram3.feed.FeedService] result : 1
[2024-01-03 10:15:29 INFO  main] [com.green.greengram3.feed.FeedService] result2 : 2
[2024-01-03 10:15:29 INFO  SpringApplicationShutdownHook] [com.zaxxer.hikari.HikariDataSource] HikariPool-1 - Shutdown initiated...
[2024-01-03 10:15:29 INFO  SpringApplicationShutdownHook] [com.zaxxer.hikari.HikariDataSource] HikariPool-1 - Shutdown completed.
[2024-01-03 10:49:59 INFO  main] [com.green.greengram3.feed.FeedIntegrationTest] Starting FeedIntegrationTest using Java 17.0.8.1 with PID 6536 (started by Administrator in D:\java\greengram3)
[2024-01-03 10:49:59 INFO  main] [com.green.greengram3.feed.FeedIntegrationTest] No active profile set, falling back to 1 default profile: "default"
[2024-01-03 10:50:00 INFO  main] [org.springframework.boot.web.embedded.tomcat.TomcatWebServer] Tomcat initialized with port 0 (http)
[2024-01-03 10:50:00 INFO  main] [org.apache.coyote.http11.Http11NioProtocol] Initializing ProtocolHandler ["http-nio-auto-1"]
[2024-01-03 10:50:00 INFO  main] [org.apache.catalina.core.StandardService] Starting service [Tomcat]
[2024-01-03 10:50:00 INFO  main] [org.apache.catalina.core.StandardEngine] Starting Servlet engine: [Apache Tomcat/10.1.16]
[2024-01-03 10:50:00 INFO  main] [org.apache.catalina.core.ContainerBase.[Tomcat].[localhost].[/]] Initializing Spring embedded WebApplicationContext
[2024-01-03 10:50:00 INFO  main] [org.springframework.boot.web.servlet.context.ServletWebServerApplicationContext] Root WebApplicationContext: initialization completed in 1026 ms
[2024-01-03 10:50:00 INFO  main] [com.green.greengram3.common.FirebaseConfiguration] FirebaseApp Initialization Complete !!!
[2024-01-03 10:50:00 INFO  main] [org.springframework.boot.autoconfigure.web.servlet.WelcomePageHandlerMapping] Adding welcome page: class path resource [static/index.html]
[2024-01-03 10:50:00 INFO  main] [org.apache.catalina.core.ContainerBase.[Tomcat].[localhost].[/]] Initializing Spring TestDispatcherServlet ''
[2024-01-03 10:50:00 INFO  main] [org.springframework.test.web.servlet.TestDispatcherServlet] Initializing Servlet ''
[2024-01-03 10:50:00 INFO  main] [org.springframework.test.web.servlet.TestDispatcherServlet] Completed initialization in 1 ms
[2024-01-03 10:50:00 INFO  main] [org.apache.coyote.http11.Http11NioProtocol] Starting ProtocolHandler ["http-nio-auto-1"]
[2024-01-03 10:50:00 INFO  main] [org.springframework.boot.web.embedded.tomcat.TomcatWebServer] Tomcat started on port 50551 (http) with context path ''
[2024-01-03 10:50:00 INFO  main] [com.green.greengram3.feed.FeedIntegrationTest] Started FeedIntegrationTest in 2.062 seconds (process running for 2.898)
[2024-01-03 10:50:00 INFO  main] [com.zaxxer.hikari.HikariDataSource] HikariPool-1 - Starting...
[2024-01-03 10:50:01 INFO  main] [com.zaxxer.hikari.pool.HikariPool] HikariPool-1 - Added connection org.mariadb.jdbc.Connection@513fab1e
[2024-01-03 10:50:01 INFO  main] [com.zaxxer.hikari.HikariDataSource] HikariPool-1 - Start completed.
[2024-01-03 10:50:01 INFO  main] [com.green.greengram3.common.my.MyInterceptor] ip = localhost
[2024-01-03 10:50:01 INFO  main] [com.green.greengram3.feed.FeedService] result : 1
[2024-01-03 10:50:01 INFO  main] [com.green.greengram3.feed.FeedService] result2 : 2
[2024-01-03 10:50:01 INFO  SpringApplicationShutdownHook] [com.zaxxer.hikari.HikariDataSource] HikariPool-1 - Shutdown initiated...
[2024-01-03 10:50:01 INFO  SpringApplicationShutdownHook] [com.zaxxer.hikari.HikariDataSource] HikariPool-1 - Shutdown completed.
[2024-01-03 10:50:26 INFO  main] [com.green.greengram3.feed.FeedIntegrationTest] Starting FeedIntegrationTest using Java 17.0.8.1 with PID 7744 (started by Administrator in D:\java\greengram3)
[2024-01-03 10:50:26 INFO  main] [com.green.greengram3.feed.FeedIntegrationTest] No active profile set, falling back to 1 default profile: "default"
[2024-01-03 10:50:27 INFO  main] [org.springframework.boot.web.embedded.tomcat.TomcatWebServer] Tomcat initialized with port 0 (http)
[2024-01-03 10:50:27 INFO  main] [org.apache.coyote.http11.Http11NioProtocol] Initializing ProtocolHandler ["http-nio-auto-1"]
[2024-01-03 10:50:27 INFO  main] [org.apache.catalina.core.StandardService] Starting service [Tomcat]
[2024-01-03 10:50:27 INFO  main] [org.apache.catalina.core.StandardEngine] Starting Servlet engine: [Apache Tomcat/10.1.16]
[2024-01-03 10:50:27 INFO  main] [org.apache.catalina.core.ContainerBase.[Tomcat].[localhost].[/]] Initializing Spring embedded WebApplicationContext
[2024-01-03 10:50:27 INFO  main] [org.springframework.boot.web.servlet.context.ServletWebServerApplicationContext] Root WebApplicationContext: initialization completed in 980 ms
[2024-01-03 10:50:27 INFO  main] [com.green.greengram3.common.FirebaseConfiguration] FirebaseApp Initialization Complete !!!
[2024-01-03 10:50:27 INFO  main] [org.springframework.boot.autoconfigure.web.servlet.WelcomePageHandlerMapping] Adding welcome page: class path resource [static/index.html]
[2024-01-03 10:50:28 INFO  main] [org.apache.catalina.core.ContainerBase.[Tomcat].[localhost].[/]] Initializing Spring TestDispatcherServlet ''
[2024-01-03 10:50:28 INFO  main] [org.springframework.test.web.servlet.TestDispatcherServlet] Initializing Servlet ''
[2024-01-03 10:50:28 INFO  main] [org.springframework.test.web.servlet.TestDispatcherServlet] Completed initialization in 1 ms
[2024-01-03 10:50:28 INFO  main] [org.apache.coyote.http11.Http11NioProtocol] Starting ProtocolHandler ["http-nio-auto-1"]
[2024-01-03 10:50:28 INFO  main] [org.springframework.boot.web.embedded.tomcat.TomcatWebServer] Tomcat started on port 50568 (http) with context path ''
[2024-01-03 10:50:28 INFO  main] [com.green.greengram3.feed.FeedIntegrationTest] Started FeedIntegrationTest in 2.029 seconds (process running for 2.816)
[2024-01-03 10:50:28 INFO  main] [com.zaxxer.hikari.HikariDataSource] HikariPool-1 - Starting...
[2024-01-03 10:50:28 INFO  main] [com.zaxxer.hikari.pool.HikariPool] HikariPool-1 - Added connection org.mariadb.jdbc.Connection@50fa5938
[2024-01-03 10:50:28 INFO  main] [com.zaxxer.hikari.HikariDataSource] HikariPool-1 - Start completed.
[2024-01-03 10:50:28 INFO  main] [com.green.greengram3.common.my.MyInterceptor] ip = localhost
[2024-01-03 10:50:28 INFO  main] [com.green.greengram3.feed.FeedService] result : 1
[2024-01-03 10:50:28 INFO  main] [com.green.greengram3.feed.FeedService] result2 : 2
[2024-01-03 10:50:28 INFO  SpringApplicationShutdownHook] [com.zaxxer.hikari.HikariDataSource] HikariPool-1 - Shutdown initiated...
[2024-01-03 10:50:28 INFO  SpringApplicationShutdownHook] [com.zaxxer.hikari.HikariDataSource] HikariPool-1 - Shutdown completed.
[2024-01-03 10:50:40 [32mINFO [0;39m restartedMain] [com.green.greengram3.Greengram3Application] [36mStarting Greengram3Application using Java 17.0.8.1 with PID 6080 (D:\java\greengram3\target\classes started by Administrator in D:\java\greengram3)[0;39m
[2024-01-03 10:50:40 [32mINFO [0;39m restartedMain] [com.green.greengram3.Greengram3Application] [36mNo active profile set, falling back to 1 default profile: "default"[0;39m
[2024-01-03 10:50:40 [32mINFO [0;39m restartedMain] [org.springframework.boot.devtools.env.DevToolsPropertyDefaultsPostProcessor] [36mDevtools property defaults active! Set 'spring.devtools.add-properties' to 'false' to disable[0;39m
[2024-01-03 10:50:40 [32mINFO [0;39m restartedMain] [org.springframework.boot.devtools.env.DevToolsPropertyDefaultsPostProcessor] [36mFor additional web related logging consider setting the 'logging.level.web' property to 'DEBUG'[0;39m
[2024-01-03 10:50:41 [32mINFO [0;39m restartedMain] [org.springframework.boot.web.embedded.tomcat.TomcatWebServer] [36mTomcat initialized with port 8082 (http)[0;39m
[2024-01-03 10:50:41 [32mINFO [0;39m restartedMain] [org.apache.coyote.http11.Http11NioProtocol] [36mInitializing ProtocolHandler ["http-nio-8082"][0;39m
[2024-01-03 10:50:41 [32mINFO [0;39m restartedMain] [org.apache.catalina.core.StandardService] [36mStarting service [Tomcat][0;39m
[2024-01-03 10:50:41 [32mINFO [0;39m restartedMain] [org.apache.catalina.core.StandardEngine] [36mStarting Servlet engine: [Apache Tomcat/10.1.16][0;39m
[2024-01-03 10:50:41 [32mINFO [0;39m restartedMain] [org.apache.catalina.core.ContainerBase.[Tomcat].[localhost].[/]] [36mInitializing Spring embedded WebApplicationContext[0;39m
[2024-01-03 10:50:41 [32mINFO [0;39m restartedMain] [org.springframework.boot.web.servlet.context.ServletWebServerApplicationContext] [36mRoot WebApplicationContext: initialization completed in 819 ms[0;39m
[2024-01-03 10:50:41 [32mINFO [0;39m restartedMain] [com.green.greengram3.common.FirebaseConfiguration] [36mFirebaseApp Initialization Complete !!![0;39m
[2024-01-03 10:50:41 [32mINFO [0;39m restartedMain] [org.springframework.boot.autoconfigure.web.servlet.WelcomePageHandlerMapping] [36mAdding welcome page: class path resource [static/index.html][0;39m
[2024-01-03 10:50:41 [32mINFO [0;39m restartedMain] [org.springframework.boot.devtools.autoconfigure.OptionalLiveReloadServer] [36mLiveReload server is running on port 35729[0;39m
[2024-01-03 10:50:41 [32mINFO [0;39m restartedMain] [org.apache.coyote.http11.Http11NioProtocol] [36mStarting ProtocolHandler ["http-nio-8082"][0;39m
[2024-01-03 10:50:41 [32mINFO [0;39m restartedMain] [org.springframework.boot.web.embedded.tomcat.TomcatWebServer] [36mTomcat started on port 8082 (http) with context path ''[0;39m
[2024-01-03 10:50:41 [32mINFO [0;39m restartedMain] [com.green.greengram3.Greengram3Application] [36mStarted Greengram3Application in 1.765 seconds (process running for 2.223)[0;39m
[2024-01-03 10:51:14 [32mINFO [0;39m http-nio-8082-exec-1] [org.apache.catalina.core.ContainerBase.[Tomcat].[localhost].[/]] [36mInitializing Spring DispatcherServlet 'dispatcherServlet'[0;39m
[2024-01-03 10:51:14 [32mINFO [0;39m http-nio-8082-exec-1] [org.springframework.web.servlet.DispatcherServlet] [36mInitializing Servlet 'dispatcherServlet'[0;39m
[2024-01-03 10:51:14 [32mINFO [0;39m http-nio-8082-exec-1] [org.springframework.web.servlet.DispatcherServlet] [36mCompleted initialization in 1 ms[0;39m
[2024-01-03 10:51:14 [32mINFO [0;39m http-nio-8082-exec-1] [com.green.greengram3.common.my.MyInterceptor] [36mip = 0:0:0:0:0:0:0:1[0;39m
[2024-01-03 10:51:14 [32mINFO [0;39m http-nio-8082-exec-1] [com.green.greengram3.common.my.MyInterceptor] [36mip = 0:0:0:0:0:0:0:1[0;39m
[2024-01-03 10:51:14 [32mINFO [0;39m http-nio-8082-exec-4] [com.green.greengram3.common.my.MyInterceptor] [36mip = 0:0:0:0:0:0:0:1[0;39m
[2024-01-03 10:51:14 [32mINFO [0;39m http-nio-8082-exec-6] [com.green.greengram3.common.my.MyInterceptor] [36mip = 0:0:0:0:0:0:0:1[0;39m
[2024-01-03 10:51:14 [32mINFO [0;39m http-nio-8082-exec-8] [com.green.greengram3.common.my.MyInterceptor] [36mip = 0:0:0:0:0:0:0:1[0;39m
[2024-01-03 10:51:14 [32mINFO [0;39m http-nio-8082-exec-3] [com.green.greengram3.common.my.MyInterceptor] [36mip = 0:0:0:0:0:0:0:1[0;39m
[2024-01-03 10:51:14 [32mINFO [0;39m http-nio-8082-exec-10] [com.green.greengram3.common.my.MyInterceptor] [36mip = 0:0:0:0:0:0:0:1[0;39m
[2024-01-03 10:51:14 [32mINFO [0;39m http-nio-8082-exec-7] [com.green.greengram3.common.my.MyInterceptor] [36mip = 0:0:0:0:0:0:0:1[0;39m
[2024-01-03 10:51:14 [32mINFO [0;39m http-nio-8082-exec-2] [com.green.greengram3.common.my.MyInterceptor] [36mip = 0:0:0:0:0:0:0:1[0;39m
[2024-01-03 10:51:14 [32mINFO [0;39m http-nio-8082-exec-9] [com.green.greengram3.common.my.MyInterceptor] [36mip = 0:0:0:0:0:0:0:1[0;39m
[2024-01-03 10:51:14 [32mINFO [0;39m http-nio-8082-exec-5] [com.green.greengram3.common.my.MyInterceptor] [36mip = 0:0:0:0:0:0:0:1[0;39m
[2024-01-03 10:51:14 [32mINFO [0;39m http-nio-8082-exec-10] [com.green.greengram3.feed.FeedController] [36mdto = FeedSelDto(startIdx=0, rowCount=20, page=0, loginedIuser=3, targetIuser=0, isFavList=0)[0;39m
[2024-01-03 10:51:14 [32mINFO [0;39m http-nio-8082-exec-10] [com.zaxxer.hikari.HikariDataSource] [36mHikariPool-1 - Starting...[0;39m
[2024-01-03 10:51:14 [32mINFO [0;39m http-nio-8082-exec-10] [com.zaxxer.hikari.pool.HikariPool] [36mHikariPool-1 - Added connection org.mariadb.jdbc.Connection@50446366[0;39m
[2024-01-03 10:51:14 [32mINFO [0;39m http-nio-8082-exec-10] [com.zaxxer.hikari.HikariDataSource] [36mHikariPool-1 - Start completed.[0;39m
[2024-01-03 10:51:14 [32mINFO [0;39m http-nio-8082-exec-1] [com.green.greengram3.common.my.MyInterceptor] [36mip = 0:0:0:0:0:0:0:1[0;39m
[2024-01-03 10:51:14 [32mINFO [0;39m http-nio-8082-exec-4] [com.green.greengram3.common.my.MyInterceptor] [36mip = 0:0:0:0:0:0:0:1[0;39m
[2024-01-03 10:51:18 [32mINFO [0;39m http-nio-8082-exec-6] [com.green.greengram3.common.my.MyInterceptor] [36mip = 0:0:0:0:0:0:0:1[0;39m
[2024-01-03 10:51:29 [32mINFO [0;39m http-nio-8082-exec-8] [com.green.greengram3.common.my.MyInterceptor] [36mip = 0:0:0:0:0:0:0:1[0;39m
[2024-01-03 10:51:29 [32mINFO [0;39m http-nio-8082-exec-3] [com.green.greengram3.common.my.MyInterceptor] [36mip = 0:0:0:0:0:0:0:1[0;39m
[2024-01-03 10:51:29 [32mINFO [0;39m http-nio-8082-exec-3] [com.green.greengram3.feed.FeedController] [36mdto = FeedSelDto(startIdx=0, rowCount=20, page=0, loginedIuser=3, targetIuser=0, isFavList=0)[0;39m
[2024-01-03 10:51:29 [32mINFO [0;39m http-nio-8082-exec-7] [com.green.greengram3.common.my.MyInterceptor] [36mip = 0:0:0:0:0:0:0:1[0;39m
[2024-01-03 10:51:30 [32mINFO [0;39m http-nio-8082-exec-2] [com.green.greengram3.common.my.MyInterceptor] [36mip = 0:0:0:0:0:0:0:1[0;39m
[2024-01-03 10:51:30 [32mINFO [0;39m http-nio-8082-exec-5] [com.green.greengram3.common.my.MyInterceptor] [36mip = 0:0:0:0:0:0:0:1[0;39m
[2024-01-03 10:51:30 [32mINFO [0;39m http-nio-8082-exec-5] [com.green.greengram3.feed.FeedController] [36mdto = FeedSelDto(startIdx=0, rowCount=20, page=0, loginedIuser=3, targetIuser=0, isFavList=0)[0;39m
[2024-01-03 10:51:30 [32mINFO [0;39m http-nio-8082-exec-9] [com.green.greengram3.common.my.MyInterceptor] [36mip = 0:0:0:0:0:0:0:1[0;39m
[2024-01-03 10:51:35 [32mINFO [0;39m http-nio-8082-exec-10] [com.green.greengram3.common.my.MyInterceptor] [36mip = 0:0:0:0:0:0:0:1[0;39m
[2024-01-03 10:51:35 [32mINFO [0;39m http-nio-8082-exec-1] [com.green.greengram3.common.my.MyInterceptor] [36mip = 0:0:0:0:0:0:0:1[0;39m
[2024-01-03 10:51:35 [32mINFO [0;39m http-nio-8082-exec-4] [com.green.greengram3.common.my.MyInterceptor] [36mip = 0:0:0:0:0:0:0:1[0;39m
[2024-01-03 10:51:36 [32mINFO [0;39m http-nio-8082-exec-6] [com.green.greengram3.common.my.MyInterceptor] [36mip = 0:0:0:0:0:0:0:1[0;39m
[2024-01-03 10:51:36 [32mINFO [0;39m http-nio-8082-exec-6] [com.green.greengram3.dm.DmService] [36mdto:DmMsgSelDto(page=0, idm=4, startIdx=0, rowCount=30)[0;39m
[2024-01-03 10:51:36 [32mINFO [0;39m http-nio-8082-exec-8] [com.green.greengram3.common.my.MyInterceptor] [36mip = 0:0:0:0:0:0:0:1[0;39m
[2024-01-03 10:51:36 [32mINFO [0;39m http-nio-8082-exec-8] [com.green.greengram3.dm.DmService] [36mdto:DmMsgSelDto(page=0, idm=9, startIdx=0, rowCount=30)[0;39m
[2024-01-03 10:51:36 [32mINFO [0;39m http-nio-8082-exec-3] [com.green.greengram3.common.my.MyInterceptor] [36mip = 0:0:0:0:0:0:0:1[0;39m
[2024-01-03 10:51:36 [32mINFO [0;39m http-nio-8082-exec-3] [com.green.greengram3.dm.DmService] [36mdto:DmMsgSelDto(page=0, idm=9, startIdx=30, rowCount=30)[0;39m
[2024-01-03 10:51:37 [32mINFO [0;39m http-nio-8082-exec-7] [com.green.greengram3.common.my.MyInterceptor] [36mip = 0:0:0:0:0:0:0:1[0;39m
[2024-01-03 10:51:37 [32mINFO [0;39m http-nio-8082-exec-7] [com.green.greengram3.dm.DmService] [36mdto:DmMsgSelDto(page=0, idm=6, startIdx=0, rowCount=30)[0;39m
[2024-01-03 10:51:37 [32mINFO [0;39m http-nio-8082-exec-2] [com.green.greengram3.common.my.MyInterceptor] [36mip = 0:0:0:0:0:0:0:1[0;39m
[2024-01-03 10:51:37 [32mINFO [0;39m http-nio-8082-exec-2] [com.green.greengram3.dm.DmService] [36mdto:DmMsgSelDto(page=0, idm=6, startIdx=30, rowCount=30)[0;39m
[2024-01-03 10:51:39 [32mINFO [0;39m http-nio-8082-exec-5] [com.green.greengram3.common.my.MyInterceptor] [36mip = 0:0:0:0:0:0:0:1[0;39m
[2024-01-03 10:51:39 [32mINFO [0;39m http-nio-8082-exec-5] [com.green.greengram3.feed.FeedController] [36mdto = FeedSelDto(startIdx=0, rowCount=20, page=0, loginedIuser=3, targetIuser=0, isFavList=0)[0;39m
[2024-01-03 10:51:42 [32mINFO [0;39m SpringApplicationShutdownHook] [com.zaxxer.hikari.HikariDataSource] [36mHikariPool-1 - Shutdown initiated...[0;39m
[2024-01-03 10:51:42 [32mINFO [0;39m SpringApplicationShutdownHook] [com.zaxxer.hikari.HikariDataSource] [36mHikariPool-1 - Shutdown completed.[0;39m
[2024-01-03 10:52:30 [32mINFO [0;39m restartedMain] [com.green.greengram3.Greengram3Application] [36mStarting Greengram3Application using Java 17.0.8.1 with PID 2504 (D:\java\greengram3\target\classes started by Administrator in D:\java\greengram3)[0;39m
[2024-01-03 10:52:30 [32mINFO [0;39m restartedMain] [com.green.greengram3.Greengram3Application] [36mNo active profile set, falling back to 1 default profile: "default"[0;39m
[2024-01-03 10:52:30 [32mINFO [0;39m restartedMain] [org.springframework.boot.devtools.env.DevToolsPropertyDefaultsPostProcessor] [36mDevtools property defaults active! Set 'spring.devtools.add-properties' to 'false' to disable[0;39m
[2024-01-03 10:52:30 [32mINFO [0;39m restartedMain] [org.springframework.boot.devtools.env.DevToolsPropertyDefaultsPostProcessor] [36mFor additional web related logging consider setting the 'logging.level.web' property to 'DEBUG'[0;39m
[2024-01-03 10:52:31 [32mINFO [0;39m restartedMain] [org.springframework.boot.web.embedded.tomcat.TomcatWebServer] [36mTomcat initialized with port 8082 (http)[0;39m
[2024-01-03 10:52:31 [32mINFO [0;39m restartedMain] [org.apache.coyote.http11.Http11NioProtocol] [36mInitializing ProtocolHandler ["http-nio-8082"][0;39m
[2024-01-03 10:52:31 [32mINFO [0;39m restartedMain] [org.apache.catalina.core.StandardService] [36mStarting service [Tomcat][0;39m
[2024-01-03 10:52:31 [32mINFO [0;39m restartedMain] [org.apache.catalina.core.StandardEngine] [36mStarting Servlet engine: [Apache Tomcat/10.1.16][0;39m
[2024-01-03 10:52:31 [32mINFO [0;39m restartedMain] [org.apache.catalina.core.ContainerBase.[Tomcat].[localhost].[/]] [36mInitializing Spring embedded WebApplicationContext[0;39m
[2024-01-03 10:52:31 [32mINFO [0;39m restartedMain] [org.springframework.boot.web.servlet.context.ServletWebServerApplicationContext] [36mRoot WebApplicationContext: initialization completed in 892 ms[0;39m
[2024-01-03 10:52:31 [32mINFO [0;39m restartedMain] [com.green.greengram3.common.FirebaseConfiguration] [36mFirebaseApp Initialization Complete !!![0;39m
[2024-01-03 10:52:32 [32mINFO [0;39m restartedMain] [org.springframework.boot.autoconfigure.web.servlet.WelcomePageHandlerMapping] [36mAdding welcome page: class path resource [static/index.html][0;39m
[2024-01-03 10:52:32 [32mINFO [0;39m restartedMain] [org.springframework.boot.devtools.autoconfigure.OptionalLiveReloadServer] [36mLiveReload server is running on port 35729[0;39m
[2024-01-03 10:52:32 [32mINFO [0;39m restartedMain] [org.apache.coyote.http11.Http11NioProtocol] [36mStarting ProtocolHandler ["http-nio-8082"][0;39m
[2024-01-03 10:52:32 [32mINFO [0;39m restartedMain] [org.springframework.boot.web.embedded.tomcat.TomcatWebServer] [36mTomcat started on port 8082 (http) with context path ''[0;39m
[2024-01-03 10:52:32 [32mINFO [0;39m restartedMain] [com.green.greengram3.Greengram3Application] [36mStarted Greengram3Application in 1.844 seconds (process running for 2.291)[0;39m
[2024-01-03 11:28:37 INFO  main] [com.green.greengram3.feed.FeedIntegrationTest] Starting FeedIntegrationTest using Java 17.0.8.1 with PID 7352 (started by Administrator in D:\java\greengram3)
[2024-01-03 11:28:37 INFO  main] [com.green.greengram3.feed.FeedIntegrationTest] No active profile set, falling back to 1 default profile: "default"
[2024-01-03 11:28:38 INFO  main] [org.springframework.boot.web.embedded.tomcat.TomcatWebServer] Tomcat initialized with port 0 (http)
[2024-01-03 11:28:38 INFO  main] [org.apache.coyote.http11.Http11NioProtocol] Initializing ProtocolHandler ["http-nio-auto-1"]
[2024-01-03 11:28:38 INFO  main] [org.apache.catalina.core.StandardService] Starting service [Tomcat]
[2024-01-03 11:28:38 INFO  main] [org.apache.catalina.core.StandardEngine] Starting Servlet engine: [Apache Tomcat/10.1.16]
[2024-01-03 11:28:38 INFO  main] [org.apache.catalina.core.ContainerBase.[Tomcat].[localhost].[/]] Initializing Spring embedded WebApplicationContext
[2024-01-03 11:28:38 INFO  main] [org.springframework.boot.web.servlet.context.ServletWebServerApplicationContext] Root WebApplicationContext: initialization completed in 946 ms
[2024-01-03 11:28:38 INFO  main] [com.green.greengram3.common.FirebaseConfiguration] FirebaseApp Initialization Complete !!!
[2024-01-03 11:28:38 INFO  main] [org.springframework.boot.autoconfigure.web.servlet.WelcomePageHandlerMapping] Adding welcome page: class path resource [static/index.html]
[2024-01-03 11:28:39 INFO  main] [org.apache.catalina.core.ContainerBase.[Tomcat].[localhost].[/]] Initializing Spring TestDispatcherServlet ''
[2024-01-03 11:28:39 INFO  main] [org.springframework.test.web.servlet.TestDispatcherServlet] Initializing Servlet ''
[2024-01-03 11:28:39 INFO  main] [org.springframework.test.web.servlet.TestDispatcherServlet] Completed initialization in 1 ms
[2024-01-03 11:28:39 INFO  main] [org.apache.coyote.http11.Http11NioProtocol] Starting ProtocolHandler ["http-nio-auto-1"]
[2024-01-03 11:28:39 INFO  main] [org.springframework.boot.web.embedded.tomcat.TomcatWebServer] Tomcat started on port 50792 (http) with context path ''
[2024-01-03 11:28:39 INFO  main] [com.green.greengram3.feed.FeedIntegrationTest] Started FeedIntegrationTest in 1.953 seconds (process running for 3.001)
[2024-01-03 11:28:39 INFO  main] [com.zaxxer.hikari.HikariDataSource] HikariPool-1 - Starting...
[2024-01-03 11:28:39 INFO  main] [com.zaxxer.hikari.pool.HikariPool] HikariPool-1 - Added connection org.mariadb.jdbc.Connection@470135da
[2024-01-03 11:28:39 INFO  main] [com.zaxxer.hikari.HikariDataSource] HikariPool-1 - Start completed.
[2024-01-03 11:28:39 INFO  main] [com.green.greengram3.common.my.MyInterceptor] ip = localhost
[2024-01-03 11:28:39 INFO  main] [com.green.greengram3.feed.FeedController] dto = FeedSelDto(startIdx=0, rowCount=20, page=0, loginedIuser=0, targetIuser=0, isFavList=0)
[2024-01-03 11:28:39 INFO  SpringApplicationShutdownHook] [com.zaxxer.hikari.HikariDataSource] HikariPool-1 - Shutdown initiated...
[2024-01-03 11:28:39 INFO  SpringApplicationShutdownHook] [com.zaxxer.hikari.HikariDataSource] HikariPool-1 - Shutdown completed.
[2024-01-03 11:30:43 INFO  main] [com.green.greengram3.feed.FeedIntegrationTest] Starting FeedIntegrationTest using Java 17.0.8.1 with PID 7708 (started by Administrator in D:\java\greengram3)
[2024-01-03 11:30:43 INFO  main] [com.green.greengram3.feed.FeedIntegrationTest] No active profile set, falling back to 1 default profile: "default"
[2024-01-03 11:30:44 INFO  main] [org.springframework.boot.web.embedded.tomcat.TomcatWebServer] Tomcat initialized with port 0 (http)
[2024-01-03 11:30:44 INFO  main] [org.apache.coyote.http11.Http11NioProtocol] Initializing ProtocolHandler ["http-nio-auto-1"]
[2024-01-03 11:30:44 INFO  main] [org.apache.catalina.core.StandardService] Starting service [Tomcat]
[2024-01-03 11:30:44 INFO  main] [org.apache.catalina.core.StandardEngine] Starting Servlet engine: [Apache Tomcat/10.1.16]
[2024-01-03 11:30:44 INFO  main] [org.apache.catalina.core.ContainerBase.[Tomcat].[localhost].[/]] Initializing Spring embedded WebApplicationContext
[2024-01-03 11:30:44 INFO  main] [org.springframework.boot.web.servlet.context.ServletWebServerApplicationContext] Root WebApplicationContext: initialization completed in 966 ms
[2024-01-03 11:30:44 INFO  main] [com.green.greengram3.common.FirebaseConfiguration] FirebaseApp Initialization Complete !!!
[2024-01-03 11:30:44 INFO  main] [org.springframework.boot.autoconfigure.web.servlet.WelcomePageHandlerMapping] Adding welcome page: class path resource [static/index.html]
[2024-01-03 11:30:44 INFO  main] [org.apache.catalina.core.ContainerBase.[Tomcat].[localhost].[/]] Initializing Spring TestDispatcherServlet ''
[2024-01-03 11:30:44 INFO  main] [org.springframework.test.web.servlet.TestDispatcherServlet] Initializing Servlet ''
[2024-01-03 11:30:44 INFO  main] [org.springframework.test.web.servlet.TestDispatcherServlet] Completed initialization in 1 ms
[2024-01-03 11:30:45 INFO  main] [org.apache.coyote.http11.Http11NioProtocol] Starting ProtocolHandler ["http-nio-auto-1"]
[2024-01-03 11:30:45 INFO  main] [org.springframework.boot.web.embedded.tomcat.TomcatWebServer] Tomcat started on port 50827 (http) with context path ''
[2024-01-03 11:30:45 INFO  main] [com.green.greengram3.feed.FeedIntegrationTest] Started FeedIntegrationTest in 1.991 seconds (process running for 2.818)
[2024-01-03 11:30:45 INFO  main] [com.zaxxer.hikari.HikariDataSource] HikariPool-1 - Starting...
[2024-01-03 11:30:45 INFO  main] [com.zaxxer.hikari.pool.HikariPool] HikariPool-1 - Added connection org.mariadb.jdbc.Connection@5f68eec6
[2024-01-03 11:30:45 INFO  main] [com.zaxxer.hikari.HikariDataSource] HikariPool-1 - Start completed.
[2024-01-03 11:30:45 INFO  main] [com.green.greengram3.common.my.MyInterceptor] ip = localhost
[2024-01-03 11:30:45 INFO  main] [com.green.greengram3.feed.FeedController] dto = FeedSelDto(startIdx=0, rowCount=20, page=0, loginedIuser=0, targetIuser=0, isFavList=0)
[2024-01-03 11:30:45 INFO  SpringApplicationShutdownHook] [com.zaxxer.hikari.HikariDataSource] HikariPool-1 - Shutdown initiated...
[2024-01-03 11:30:45 INFO  SpringApplicationShutdownHook] [com.zaxxer.hikari.HikariDataSource] HikariPool-1 - Shutdown completed.
[2024-01-03 11:31:12 INFO  main] [com.green.greengram3.feed.FeedIntegrationTest] Starting FeedIntegrationTest using Java 17.0.8.1 with PID 1176 (started by Administrator in D:\java\greengram3)
[2024-01-03 11:31:12 INFO  main] [com.green.greengram3.feed.FeedIntegrationTest] No active profile set, falling back to 1 default profile: "default"
[2024-01-03 11:31:13 INFO  main] [org.springframework.boot.web.embedded.tomcat.TomcatWebServer] Tomcat initialized with port 0 (http)
[2024-01-03 11:31:13 INFO  main] [org.apache.coyote.http11.Http11NioProtocol] Initializing ProtocolHandler ["http-nio-auto-1"]
[2024-01-03 11:31:13 INFO  main] [org.apache.catalina.core.StandardService] Starting service [Tomcat]
[2024-01-03 11:31:13 INFO  main] [org.apache.catalina.core.StandardEngine] Starting Servlet engine: [Apache Tomcat/10.1.16]
[2024-01-03 11:31:13 INFO  main] [org.apache.catalina.core.ContainerBase.[Tomcat].[localhost].[/]] Initializing Spring embedded WebApplicationContext
[2024-01-03 11:31:13 INFO  main] [org.springframework.boot.web.servlet.context.ServletWebServerApplicationContext] Root WebApplicationContext: initialization completed in 940 ms
[2024-01-03 11:31:13 INFO  main] [com.green.greengram3.common.FirebaseConfiguration] FirebaseApp Initialization Complete !!!
[2024-01-03 11:31:13 INFO  main] [org.springframework.boot.autoconfigure.web.servlet.WelcomePageHandlerMapping] Adding welcome page: class path resource [static/index.html]
[2024-01-03 11:31:13 INFO  main] [org.apache.catalina.core.ContainerBase.[Tomcat].[localhost].[/]] Initializing Spring TestDispatcherServlet ''
[2024-01-03 11:31:13 INFO  main] [org.springframework.test.web.servlet.TestDispatcherServlet] Initializing Servlet ''
[2024-01-03 11:31:13 INFO  main] [org.springframework.test.web.servlet.TestDispatcherServlet] Completed initialization in 1 ms
[2024-01-03 11:31:13 INFO  main] [org.apache.coyote.http11.Http11NioProtocol] Starting ProtocolHandler ["http-nio-auto-1"]
[2024-01-03 11:31:13 INFO  main] [org.springframework.boot.web.embedded.tomcat.TomcatWebServer] Tomcat started on port 50844 (http) with context path ''
[2024-01-03 11:31:13 INFO  main] [com.green.greengram3.feed.FeedIntegrationTest] Started FeedIntegrationTest in 1.949 seconds (process running for 2.769)
[2024-01-03 11:31:13 INFO  main] [com.zaxxer.hikari.HikariDataSource] HikariPool-1 - Starting...
[2024-01-03 11:31:13 INFO  main] [com.zaxxer.hikari.pool.HikariPool] HikariPool-1 - Added connection org.mariadb.jdbc.Connection@1a3c4b3e
[2024-01-03 11:31:13 INFO  main] [com.zaxxer.hikari.HikariDataSource] HikariPool-1 - Start completed.
[2024-01-03 11:31:14 INFO  main] [com.green.greengram3.common.my.MyInterceptor] ip = localhost
[2024-01-03 11:31:14 INFO  main] [com.green.greengram3.feed.FeedController] dto = FeedSelDto(startIdx=0, rowCount=20, page=0, loginedIuser=0, targetIuser=0, isFavList=0)
[2024-01-03 11:31:14 INFO  SpringApplicationShutdownHook] [com.zaxxer.hikari.HikariDataSource] HikariPool-1 - Shutdown initiated...
[2024-01-03 11:31:14 INFO  SpringApplicationShutdownHook] [com.zaxxer.hikari.HikariDataSource] HikariPool-1 - Shutdown completed.
[2024-01-03 11:34:51 INFO  main] [com.green.greengram3.feed.FeedIntegrationTest] Starting FeedIntegrationTest using Java 17.0.8.1 with PID 5036 (started by Administrator in D:\java\greengram3)
[2024-01-03 11:34:51 INFO  main] [com.green.greengram3.feed.FeedIntegrationTest] No active profile set, falling back to 1 default profile: "default"
[2024-01-03 11:34:51 INFO  main] [org.springframework.boot.web.embedded.tomcat.TomcatWebServer] Tomcat initialized with port 0 (http)
[2024-01-03 11:34:51 INFO  main] [org.apache.coyote.http11.Http11NioProtocol] Initializing ProtocolHandler ["http-nio-auto-1"]
[2024-01-03 11:34:51 INFO  main] [org.apache.catalina.core.StandardService] Starting service [Tomcat]
[2024-01-03 11:34:51 INFO  main] [org.apache.catalina.core.StandardEngine] Starting Servlet engine: [Apache Tomcat/10.1.16]
[2024-01-03 11:34:51 INFO  main] [org.apache.catalina.core.ContainerBase.[Tomcat].[localhost].[/]] Initializing Spring embedded WebApplicationContext
[2024-01-03 11:34:51 INFO  main] [org.springframework.boot.web.servlet.context.ServletWebServerApplicationContext] Root WebApplicationContext: initialization completed in 948 ms
[2024-01-03 11:34:52 INFO  main] [com.green.greengram3.common.FirebaseConfiguration] FirebaseApp Initialization Complete !!!
[2024-01-03 11:34:52 INFO  main] [org.springframework.boot.autoconfigure.web.servlet.WelcomePageHandlerMapping] Adding welcome page: class path resource [static/index.html]
[2024-01-03 11:34:52 INFO  main] [org.apache.catalina.core.ContainerBase.[Tomcat].[localhost].[/]] Initializing Spring TestDispatcherServlet ''
[2024-01-03 11:34:52 INFO  main] [org.springframework.test.web.servlet.TestDispatcherServlet] Initializing Servlet ''
[2024-01-03 11:34:52 INFO  main] [org.springframework.test.web.servlet.TestDispatcherServlet] Completed initialization in 1 ms
[2024-01-03 11:34:52 INFO  main] [org.apache.coyote.http11.Http11NioProtocol] Starting ProtocolHandler ["http-nio-auto-1"]
[2024-01-03 11:34:52 INFO  main] [org.springframework.boot.web.embedded.tomcat.TomcatWebServer] Tomcat started on port 50863 (http) with context path ''
[2024-01-03 11:34:52 INFO  main] [com.green.greengram3.feed.FeedIntegrationTest] Started FeedIntegrationTest in 1.961 seconds (process running for 2.888)
[2024-01-03 11:34:52 INFO  main] [com.zaxxer.hikari.HikariDataSource] HikariPool-1 - Starting...
[2024-01-03 11:34:52 INFO  main] [com.zaxxer.hikari.pool.HikariPool] HikariPool-1 - Added connection org.mariadb.jdbc.Connection@39c5a105
[2024-01-03 11:34:52 INFO  main] [com.zaxxer.hikari.HikariDataSource] HikariPool-1 - Start completed.
[2024-01-03 11:34:53 INFO  main] [com.green.greengram3.common.my.MyInterceptor] ip = localhost
[2024-01-03 11:34:53 INFO  main] [com.green.greengram3.feed.FeedController] dto = FeedSelDto(startIdx=0, rowCount=20, page=0, loginedIuser=0, targetIuser=0, isFavList=0)
[2024-01-03 11:34:53 INFO  SpringApplicationShutdownHook] [com.zaxxer.hikari.HikariDataSource] HikariPool-1 - Shutdown initiated...
[2024-01-03 11:34:53 INFO  SpringApplicationShutdownHook] [com.zaxxer.hikari.HikariDataSource] HikariPool-1 - Shutdown completed.
[2024-01-03 11:35:17 INFO  main] [com.green.greengram3.feed.FeedIntegrationTest] Starting FeedIntegrationTest using Java 17.0.8.1 with PID 4660 (started by Administrator in D:\java\greengram3)
[2024-01-03 11:35:17 INFO  main] [com.green.greengram3.feed.FeedIntegrationTest] No active profile set, falling back to 1 default profile: "default"
[2024-01-03 11:35:18 INFO  main] [org.springframework.boot.web.embedded.tomcat.TomcatWebServer] Tomcat initialized with port 0 (http)
[2024-01-03 11:35:18 INFO  main] [org.apache.coyote.http11.Http11NioProtocol] Initializing ProtocolHandler ["http-nio-auto-1"]
[2024-01-03 11:35:18 INFO  main] [org.apache.catalina.core.StandardService] Starting service [Tomcat]
[2024-01-03 11:35:18 INFO  main] [org.apache.catalina.core.StandardEngine] Starting Servlet engine: [Apache Tomcat/10.1.16]
[2024-01-03 11:35:18 INFO  main] [org.apache.catalina.core.ContainerBase.[Tomcat].[localhost].[/]] Initializing Spring embedded WebApplicationContext
[2024-01-03 11:35:18 INFO  main] [org.springframework.boot.web.servlet.context.ServletWebServerApplicationContext] Root WebApplicationContext: initialization completed in 939 ms
[2024-01-03 11:35:18 INFO  main] [com.green.greengram3.common.FirebaseConfiguration] FirebaseApp Initialization Complete !!!
[2024-01-03 11:35:18 INFO  main] [org.springframework.boot.autoconfigure.web.servlet.WelcomePageHandlerMapping] Adding welcome page: class path resource [static/index.html]
[2024-01-03 11:35:19 INFO  main] [org.apache.catalina.core.ContainerBase.[Tomcat].[localhost].[/]] Initializing Spring TestDispatcherServlet ''
[2024-01-03 11:35:19 INFO  main] [org.springframework.test.web.servlet.TestDispatcherServlet] Initializing Servlet ''
[2024-01-03 11:35:19 INFO  main] [org.springframework.test.web.servlet.TestDispatcherServlet] Completed initialization in 0 ms
[2024-01-03 11:35:19 INFO  main] [org.apache.coyote.http11.Http11NioProtocol] Starting ProtocolHandler ["http-nio-auto-1"]
[2024-01-03 11:35:19 INFO  main] [org.springframework.boot.web.embedded.tomcat.TomcatWebServer] Tomcat started on port 50879 (http) with context path ''
[2024-01-03 11:35:19 INFO  main] [com.green.greengram3.feed.FeedIntegrationTest] Started FeedIntegrationTest in 2.002 seconds (process running for 2.9)
[2024-01-03 11:35:19 INFO  main] [com.zaxxer.hikari.HikariDataSource] HikariPool-1 - Starting...
[2024-01-03 11:35:19 INFO  main] [com.zaxxer.hikari.pool.HikariPool] HikariPool-1 - Added connection org.mariadb.jdbc.Connection@1a3c4b3e
[2024-01-03 11:35:19 INFO  main] [com.zaxxer.hikari.HikariDataSource] HikariPool-1 - Start completed.
[2024-01-03 11:35:19 INFO  main] [com.green.greengram3.common.my.MyInterceptor] ip = localhost
[2024-01-03 11:35:19 INFO  main] [com.green.greengram3.feed.FeedController] dto = FeedSelDto(startIdx=0, rowCount=20, page=0, loginedIuser=0, targetIuser=0, isFavList=0)
[2024-01-03 11:35:19 INFO  SpringApplicationShutdownHook] [com.zaxxer.hikari.HikariDataSource] HikariPool-1 - Shutdown initiated...
[2024-01-03 11:35:19 INFO  SpringApplicationShutdownHook] [com.zaxxer.hikari.HikariDataSource] HikariPool-1 - Shutdown completed.
[2024-01-03 11:35:45 INFO  main] [com.green.greengram3.feed.FeedIntegrationTest] Starting FeedIntegrationTest using Java 17.0.8.1 with PID 5496 (started by Administrator in D:\java\greengram3)
[2024-01-03 11:35:45 INFO  main] [com.green.greengram3.feed.FeedIntegrationTest] No active profile set, falling back to 1 default profile: "default"
[2024-01-03 11:35:46 INFO  main] [org.springframework.boot.web.embedded.tomcat.TomcatWebServer] Tomcat initialized with port 0 (http)
[2024-01-03 11:35:46 INFO  main] [org.apache.coyote.http11.Http11NioProtocol] Initializing ProtocolHandler ["http-nio-auto-1"]
[2024-01-03 11:35:46 INFO  main] [org.apache.catalina.core.StandardService] Starting service [Tomcat]
[2024-01-03 11:35:46 INFO  main] [org.apache.catalina.core.StandardEngine] Starting Servlet engine: [Apache Tomcat/10.1.16]
[2024-01-03 11:35:46 INFO  main] [org.apache.catalina.core.ContainerBase.[Tomcat].[localhost].[/]] Initializing Spring embedded WebApplicationContext
[2024-01-03 11:35:46 INFO  main] [org.springframework.boot.web.servlet.context.ServletWebServerApplicationContext] Root WebApplicationContext: initialization completed in 948 ms
[2024-01-03 11:35:46 INFO  main] [com.green.greengram3.common.FirebaseConfiguration] FirebaseApp Initialization Complete !!!
[2024-01-03 11:35:46 INFO  main] [org.springframework.boot.autoconfigure.web.servlet.WelcomePageHandlerMapping] Adding welcome page: class path resource [static/index.html]
[2024-01-03 11:35:47 INFO  main] [org.apache.catalina.core.ContainerBase.[Tomcat].[localhost].[/]] Initializing Spring TestDispatcherServlet ''
[2024-01-03 11:35:47 INFO  main] [org.springframework.test.web.servlet.TestDispatcherServlet] Initializing Servlet ''
[2024-01-03 11:35:47 INFO  main] [org.springframework.test.web.servlet.TestDispatcherServlet] Completed initialization in 1 ms
[2024-01-03 11:35:47 INFO  main] [org.apache.coyote.http11.Http11NioProtocol] Starting ProtocolHandler ["http-nio-auto-1"]
[2024-01-03 11:35:47 INFO  main] [org.springframework.boot.web.embedded.tomcat.TomcatWebServer] Tomcat started on port 50895 (http) with context path ''
[2024-01-03 11:35:47 INFO  main] [com.green.greengram3.feed.FeedIntegrationTest] Started FeedIntegrationTest in 1.973 seconds (process running for 2.81)
[2024-01-03 11:35:47 INFO  main] [com.zaxxer.hikari.HikariDataSource] HikariPool-1 - Starting...
[2024-01-03 11:35:47 INFO  main] [com.zaxxer.hikari.pool.HikariPool] HikariPool-1 - Added connection org.mariadb.jdbc.Connection@39c5a105
[2024-01-03 11:35:47 INFO  main] [com.zaxxer.hikari.HikariDataSource] HikariPool-1 - Start completed.
[2024-01-03 11:35:47 INFO  main] [com.green.greengram3.common.my.MyInterceptor] ip = localhost
[2024-01-03 11:35:47 INFO  SpringApplicationShutdownHook] [com.zaxxer.hikari.HikariDataSource] HikariPool-1 - Shutdown initiated...
[2024-01-03 11:35:47 INFO  SpringApplicationShutdownHook] [com.zaxxer.hikari.HikariDataSource] HikariPool-1 - Shutdown completed.
